[ 2017-07-17T11:51:29+08:00 ] ::1 /myshop/Public/images/home/goods_83/small_201504291958031037.jpeg
ERR: 无法加载模块:Public

[ 2017-07-17T11:51:29+08:00 ] ::1 /myshop/Public/images/home/goods_28/small_201312262110282113.jpg
ERR: 无法加载模块:Public

[ 2017-07-17T11:51:29+08:00 ] ::1 /myshop/Public/images/home/goods_160/small_201312262119204138.jpg
ERR: 无法加载模块:Public

[ 2017-07-17T11:51:29+08:00 ] ::1 /myshop/Public/images/home/T1CCRNXmRFXXXXXXXX.png
ERR: 无法加载模块:Public

[ 2017-07-17T11:51:29+08:00 ] ::1 /myshop/Public/css/images/searchBtn.jpg
ERR: 无法加载模块:Public

[ 2017-07-17T11:51:29+08:00 ] ::1 /myshop/Public/css/images/index_icon.png
ERR: 无法加载模块:Public

[ 2017-07-17T11:51:29+08:00 ] ::1 /myshop/Public/images/home/loading.gif
ERR: 无法加载模块:Public

[ 2017-07-17T11:51:29+08:00 ] ::1 /myshop/Public/css/images/head_foot_bj.png
ERR: 无法加载模块:Public

[ 2017-07-17T11:51:30+08:00 ] ::1 /myshop/Public/images/home/goods_160/small_201312262119204138.jpg
ERR: 无法加载模块:Public

[ 2017-07-17T11:51:30+08:00 ] ::1 /myshop/Public/images/home/goods_83/small_201504291958031037.jpeg
ERR: 无法加载模块:Public

[ 2017-07-17T11:51:30+08:00 ] ::1 /myshop/Public/images/home/rest_bg2.png
ERR: 无法加载模块:Public

[ 2017-07-17T11:51:30+08:00 ] ::1 /myshop/Public/images/home/goods_28/small_201312262110282113.jpg
ERR: 无法加载模块:Public

[ 2017-07-17T11:51:30+08:00 ] ::1 /myshop/Public/images/home/midd_bg.png
ERR: 无法加载模块:Public

[ 2017-07-17T11:51:30+08:00 ] ::1 /myshop/Public/images/home/t_list_icon.png
ERR: 无法加载模块:Public

[ 2017-07-17T11:51:31+08:00 ] ::1 /myshop/Public/images/home/goods_160/small_201312262119204138.jpg
ERR: 无法加载模块:Public

[ 2017-07-17T11:51:31+08:00 ] ::1 /myshop/Public/images/home/goods_51/small_201312262110515808.jpg
ERR: 无法加载模块:Public

[ 2017-07-17T11:51:31+08:00 ] ::1 /myshop/Public/images/home/goods_28/small_201312262110282113.jpg
ERR: 无法加载模块:Public

[ 2017-07-17T11:51:32+08:00 ] ::1 /myshop/Public/images/home/goods_95/small_201312262151359791.jpg
ERR: 无法加载模块:Public

[ 2017-07-17T11:51:32+08:00 ] ::1 /myshop/Public/images/home/goods_178/small_201312262156186146.jpg
ERR: 无法加载模块:Public

[ 2017-07-17T11:51:32+08:00 ] ::1 /myshop/Public/images/home/goods_130/small_201312262152104798.jpg
ERR: 无法加载模块:Public

[ 2017-07-17T11:51:32+08:00 ] ::1 /myshop/Public/images/home/goods_47/small_201312262154079508.jpg
ERR: 无法加载模块:Public

[ 2017-07-17T11:52:20+08:00 ] ::1 /myshop/Public/images/home/goods_83/small_201504291958031037.jpeg
ERR: 无法加载模块:Public

[ 2017-07-17T11:52:20+08:00 ] ::1 /myshop/Public/images/home/goods_160/small_201312262119204138.jpg
ERR: 无法加载模块:Public

[ 2017-07-17T11:52:20+08:00 ] ::1 /myshop/Public/images/home/goods_28/small_201312262110282113.jpg
ERR: 无法加载模块:Public

[ 2017-07-17T11:52:20+08:00 ] ::1 /myshop/Public/images/home/T1CCRNXmRFXXXXXXXX.png
ERR: 无法加载模块:Public

[ 2017-07-17T11:52:20+08:00 ] ::1 /myshop/Public/css/images/head_foot_bj.png
ERR: 无法加载模块:Public

[ 2017-07-17T11:52:20+08:00 ] ::1 /myshop/Public/css/images/searchBtn.jpg
ERR: 无法加载模块:Public

[ 2017-07-17T11:52:20+08:00 ] ::1 /myshop/Public/css/images/index_icon.png
ERR: 无法加载模块:Public

[ 2017-07-17T11:52:20+08:00 ] ::1 /myshop/Public/images/home/loading.gif
ERR: 无法加载模块:Public

[ 2017-07-17T11:52:20+08:00 ] ::1 /myshop/Public/images/home/goods_83/small_201504291958031037.jpeg
ERR: 无法加载模块:Public

[ 2017-07-17T11:52:20+08:00 ] ::1 /myshop/Public/images/home/goods_160/small_201312262119204138.jpg
ERR: 无法加载模块:Public

[ 2017-07-17T11:52:20+08:00 ] ::1 /myshop/Public/images/home/goods_28/small_201312262110282113.jpg
ERR: 无法加载模块:Public

[ 2017-07-17T11:52:22+08:00 ] ::1 /myshop/Public/images/home/goods_51/small_201312262110515808.jpg
ERR: 无法加载模块:Public

[ 2017-07-17T11:52:22+08:00 ] ::1 /myshop/Public/images/home/goods_160/small_201312262119204138.jpg
ERR: 无法加载模块:Public

[ 2017-07-17T11:52:22+08:00 ] ::1 /myshop/Public/images/home/goods_28/small_201312262110282113.jpg
ERR: 无法加载模块:Public

[ 2017-07-17T11:52:22+08:00 ] ::1 /myshop/Public/images/home/goods_130/small_201312262152104798.jpg
ERR: 无法加载模块:Public

[ 2017-07-17T11:52:22+08:00 ] ::1 /myshop/Public/images/home/goods_47/small_201312262154079508.jpg
ERR: 无法加载模块:Public

[ 2017-07-17T11:52:22+08:00 ] ::1 /myshop/Public/images/home/goods_95/small_201312262151359791.jpg
ERR: 无法加载模块:Public

[ 2017-07-17T11:52:22+08:00 ] ::1 /myshop/Public/images/home/goods_178/small_201312262156186146.jpg
ERR: 无法加载模块:Public

[ 2017-07-17T11:52:25+08:00 ] ::1 /myshop/Public/images/home/goods_11/small_201312262156516537.jpg
ERR: 无法加载模块:Public

[ 2017-07-17T11:52:25+08:00 ] ::1 /myshop/Public/images/home/goods_162/small_201312262159227323.jpg
ERR: 无法加载模块:Public

[ 2017-07-17T11:52:25+08:00 ] ::1 /myshop/Public/images/home/goods_76/small_201312262157569987.jpg
ERR: 无法加载模块:Public

[ 2017-07-17T11:52:25+08:00 ] ::1 /myshop/Public/images/home/goods_111/small_201312262158319438.jpg
ERR: 无法加载模块:Public

[ 2017-07-17T11:52:25+08:00 ] ::1 /myshop/Public/images/home/goods_135/small_201312262208557042.jpg
ERR: 无法加载模块:Public

[ 2017-07-17T11:52:25+08:00 ] ::1 /myshop/Public/images/home/goods_102/small_201312262208227300.jpg
ERR: 无法加载模块:Public

[ 2017-07-17T11:52:25+08:00 ] ::1 /myshop/Public/images/home/goods_127/small_201312262205276887.jpg
ERR: 无法加载模块:Public

[ 2017-07-17T11:52:25+08:00 ] ::1 /myshop/Public/images/home/goods_176/small_201312262209361435.jpg
ERR: 无法加载模块:Public

[ 2017-07-17T11:52:25+08:00 ] ::1 /myshop/Public/images/home/goods_72/small_201312262207528762.jpg
ERR: 无法加载模块:Public

[ 2017-07-17T11:52:26+08:00 ] ::1 /myshop/Public/images/home/goods_152/small_201312262212327144.jpg
ERR: 无法加载模块:Public

[ 2017-07-17T11:52:26+08:00 ] ::1 /myshop/Public/images/home/goods_16/small_201312262210162177.jpg
ERR: 无法加载模块:Public

[ 2017-07-17T11:52:27+08:00 ] ::1 /myshop/Public/images/home/goods_186/small_201312262223061143.jpg
ERR: 无法加载模块:Public

[ 2017-07-17T11:52:27+08:00 ] ::1 /myshop/Public/images/home/T1CCRNXmRFXXXXXXXX.png
ERR: 无法加载模块:Public

[ 2017-07-17T11:52:27+08:00 ] ::1 /myshop/Public/css/images/head_foot_bj.png
ERR: 无法加载模块:Public

[ 2017-07-17T11:52:27+08:00 ] ::1 /myshop/Public/css/images/searchBtn.jpg
ERR: 无法加载模块:Public

[ 2017-07-17T11:52:28+08:00 ] ::1 /myshop/Public/css/images/index_icon.png
ERR: 无法加载模块:Public

[ 2017-07-17T11:52:28+08:00 ] ::1 /myshop/Public/css/images/home/text.gif
ERR: 无法加载模块:Public

[ 2017-07-17T11:52:28+08:00 ] ::1 /myshop/Public/images/home/goods_186/small_201312262223061143.jpg
ERR: 无法加载模块:Public

[ 2017-07-17T11:52:28+08:00 ] ::1 /myshop/Public/images/home/loading.gif
ERR: 无法加载模块:Public

[ 2017-07-17T11:52:40+08:00 ] ::1 /myshop/Public/images/home/832478ffccfd441a82dc20e97166b4c6.jpg
ERR: 无法加载模块:Public

[ 2017-07-17T11:52:40+08:00 ] ::1 /myshop/Public/images/home/832478ffccfd441a82dc20e97166b4c6.jpg
ERR: 无法加载模块:Public

[ 2017-07-17T11:52:40+08:00 ] ::1 /myshop/Public/css/images/head_foot_bj.png
ERR: 无法加载模块:Public

[ 2017-07-17T11:52:40+08:00 ] ::1 /myshop/Public/images/home/T1CCRNXmRFXXXXXXXX.png
ERR: 无法加载模块:Public

[ 2017-07-17T11:52:40+08:00 ] ::1 /myshop/Public/css/images/searchBtn.jpg
ERR: 无法加载模块:Public

[ 2017-07-17T11:52:40+08:00 ] ::1 /myshop/Public/images/home/loading.gif
ERR: 无法加载模块:Public

[ 2017-07-17T11:52:40+08:00 ] ::1 /myshop/Public/images/home/input.png
ERR: 无法加载模块:Public

[ 2017-07-17T12:00:28+08:00 ] ::1 /myshop/Public/images/home/goods_186/small_201312262223061143.jpg
ERR: 无法加载模块:Public

[ 2017-07-17T12:00:28+08:00 ] ::1 /myshop/Public/images/home/T1CCRNXmRFXXXXXXXX.png
ERR: 无法加载模块:Public

[ 2017-07-17T12:00:28+08:00 ] ::1 /myshop/Public/css/images/head_foot_bj.png
ERR: 无法加载模块:Public

[ 2017-07-17T12:00:28+08:00 ] ::1 /myshop/Public/css/images/searchBtn.jpg
ERR: 无法加载模块:Public

[ 2017-07-17T12:00:28+08:00 ] ::1 /myshop/Public/css/images/index_icon.png
ERR: 无法加载模块:Public

[ 2017-07-17T12:00:28+08:00 ] ::1 /myshop/Public/images/home/loading.gif
ERR: 无法加载模块:Public

[ 2017-07-17T12:00:28+08:00 ] ::1 /myshop/Public/images/home/goods_186/small_201312262223061143.jpg
ERR: 无法加载模块:Public

[ 2017-07-17T12:00:28+08:00 ] ::1 /myshop/Public/css/images/home/text.gif
ERR: 无法加载模块:Public

[ 2017-07-17T12:00:44+08:00 ] ::1 /myshop/Public/css/images/home/T15j3RXhxfXXceU5Yh-51-51.png
ERR: 无法加载模块:Public

[ 2017-07-17T12:00:50+08:00 ] ::1 /myshop/Public/images/home/goods_83/small_201504291958031037.jpeg
ERR: 无法加载模块:Public

[ 2017-07-17T12:00:50+08:00 ] ::1 /myshop/Public/images/home/T1CCRNXmRFXXXXXXXX.png
ERR: 无法加载模块:Public

[ 2017-07-17T12:00:50+08:00 ] ::1 /myshop/Public/css/images/head_foot_bj.png
ERR: 无法加载模块:Public

[ 2017-07-17T12:00:50+08:00 ] ::1 /myshop/Public/images/home/goods_160/small_201312262119204138.jpg
ERR: 无法加载模块:Public

[ 2017-07-17T12:00:50+08:00 ] ::1 /myshop/Public/images/home/goods_28/small_201312262110282113.jpg
ERR: 无法加载模块:Public

[ 2017-07-17T12:00:50+08:00 ] ::1 /myshop/Public/images/home/rest_bg2.png
ERR: 无法加载模块:Public

[ 2017-07-17T12:00:50+08:00 ] ::1 /myshop/Public/css/images/searchBtn.jpg
ERR: 无法加载模块:Public

[ 2017-07-17T12:00:50+08:00 ] ::1 /myshop/Public/css/images/index_icon.png
ERR: 无法加载模块:Public

[ 2017-07-17T12:00:50+08:00 ] ::1 /myshop/Public/images/home/t_list_icon.png
ERR: 无法加载模块:Public

[ 2017-07-17T12:00:50+08:00 ] ::1 /myshop/Public/images/home/midd_bg.png
ERR: 无法加载模块:Public

[ 2017-07-17T12:00:52+08:00 ] ::1 /myshop/Public/images/home/T1CCRNXmRFXXXXXXXX.png
ERR: 无法加载模块:Public

[ 2017-07-17T12:00:52+08:00 ] ::1 /myshop/Public/images/home/loading.gif
ERR: 无法加载模块:Public

[ 2017-07-17T12:00:56+08:00 ] ::1 /myshop/Public/images/home/T1CCRNXmRFXXXXXXXX.png
ERR: 无法加载模块:Public

[ 2017-07-17T12:01:32+08:00 ] ::1 /myshop/Public/images/main-nav-bg.png
ERR: 无法加载模块:Public

[ 2017-07-17T12:01:32+08:00 ] ::1 /myshop/Public/images/icon1.png
ERR: 无法加载模块:Public

[ 2017-07-17T12:01:32+08:00 ] ::1 /myshop/Public/images/T1SLHBXaXmXXXF.Nbe-140-120.gif
ERR: 无法加载模块:Public

[ 2017-07-17T12:01:32+08:00 ] ::1 /myshop/Public/images/T1GgTxXm4qXXaGyjny-500-188.png
ERR: 无法加载模块:Public

[ 2017-07-17T12:01:32+08:00 ] ::1 /myshop/Public/images/left-slib.gif
ERR: 无法加载模块:Public

[ 2017-07-17T12:02:14+08:00 ] ::1 /myshop/Public/css/bui-min.css
ERR: 无法加载模块:Public

[ 2017-07-17T12:02:17+08:00 ] ::1 /myshop/Public/css/bui-min.css
ERR: 无法加载模块:Public

[ 2017-07-17T12:02:17+08:00 ] ::1 /myshop/Public/css/dpl-min.css
ERR: 无法加载模块:Public

[ 2017-07-17T12:02:18+08:00 ] ::1 /myshop/Public/css/bui-min.css
ERR: 无法加载模块:Public

[ 2017-07-17T12:02:18+08:00 ] ::1 /myshop/Public/css/dpl-min.css
ERR: 无法加载模块:Public

[ 2017-07-17T12:06:12+08:00 ] ::1 /myshop/Public/images/home/goods_160/small_201312262119204138.jpg
ERR: 无法加载模块:Public

[ 2017-07-17T12:06:12+08:00 ] ::1 /myshop/Public/images/home/goods_83/small_201504291958031037.jpeg
ERR: 无法加载模块:Public

[ 2017-07-17T12:06:12+08:00 ] ::1 /myshop/Public/images/home/goods_28/small_201312262110282113.jpg
ERR: 无法加载模块:Public

[ 2017-07-17T12:06:12+08:00 ] ::1 /myshop/Public/images/home/T1CCRNXmRFXXXXXXXX.png
ERR: 无法加载模块:Public

[ 2017-07-17T12:06:12+08:00 ] ::1 /myshop/Public/images/home/goods_160/small_201312262119204138.jpg
ERR: 无法加载模块:Public

[ 2017-07-17T12:06:12+08:00 ] ::1 /myshop/Public/images/home/goods_28/small_201312262110282113.jpg
ERR: 无法加载模块:Public

[ 2017-07-17T12:06:12+08:00 ] ::1 /myshop/Public/images/home/loading.gif
ERR: 无法加载模块:Public

[ 2017-07-17T12:06:12+08:00 ] ::1 /myshop/Public/images/home/goods_83/small_201504291958031037.jpeg
ERR: 无法加载模块:Public

[ 2017-07-17T12:06:12+08:00 ] ::1 /myshop/Public/css/images/searchBtn.jpg
ERR: 无法加载模块:Public

[ 2017-07-17T12:06:12+08:00 ] ::1 /myshop/Public/css/images/head_foot_bj.png
ERR: 无法加载模块:Public

[ 2017-07-17T12:06:12+08:00 ] ::1 /myshop/Public/css/images/index_icon.png
ERR: 无法加载模块:Public

[ 2017-07-17T12:06:17+08:00 ] ::1 /myshop/Public/images/home/T1CCRNXmRFXXXXXXXX.png
ERR: 无法加载模块:Public

[ 2017-07-17T12:06:41+08:00 ] ::1 /myshop/index.php/MemRegister/genecode/id/0.5767624969594181.html
ERR: 无法加载模块:MemRegister

[ 2017-07-17T12:06:42+08:00 ] ::1 /myshop/index.php/MemRegister/genecode/id/0.8545010711532086.html
ERR: 无法加载模块:MemRegister

[ 2017-07-17T12:06:42+08:00 ] ::1 /myshop/index.php/MemRegister/genecode/id/0.6528124576434493.html
ERR: 无法加载模块:MemRegister

[ 2017-07-17T12:06:43+08:00 ] ::1 /myshop/index.php/MemRegister/genecode/id/0.24637431255541742.html
ERR: 无法加载模块:MemRegister

[ 2017-07-17T12:06:47+08:00 ] ::1 /myshop/Public/images/home/T1CCRNXmRFXXXXXXXX.png
ERR: 无法加载模块:Public

[ 2017-07-17T12:06:49+08:00 ] ::1 /myshop/index.php/MemRegister/genecode/id/0.3623671121895313.html
ERR: 无法加载模块:MemRegister

[ 2017-07-17T12:06:50+08:00 ] ::1 /myshop/index.php/MemRegister/genecode/id/0.6916657057590783.html
ERR: 无法加载模块:MemRegister

[ 2017-07-17T12:06:50+08:00 ] ::1 /myshop/index.php/MemRegister/genecode/id/0.8313532120082527.html
ERR: 无法加载模块:MemRegister

[ 2017-07-17T12:06:51+08:00 ] ::1 /myshop/Public/images/home/T1CCRNXmRFXXXXXXXX.png
ERR: 无法加载模块:Public

[ 2017-07-17T12:07:10+08:00 ] ::1 /myshop/Public/images/home/T1CCRNXmRFXXXXXXXX.png
ERR: 无法加载模块:Public

[ 2017-07-17T12:07:10+08:00 ] ::1 /myshop/Public/images/home/loading.gif
ERR: 无法加载模块:Public

[ 2017-07-17T12:07:21+08:00 ] ::1 /myshop/Public/images/home/T1CCRNXmRFXXXXXXXX.png
ERR: 无法加载模块:Public

[ 2017-07-17T12:07:27+08:00 ] ::1 /myshop/Public/images/home/goods_83/small_201504291958031037.jpeg
ERR: 无法加载模块:Public

[ 2017-07-17T12:07:27+08:00 ] ::1 /myshop/Public/images/home/goods_160/small_201312262119204138.jpg
ERR: 无法加载模块:Public

[ 2017-07-17T12:07:27+08:00 ] ::1 /myshop/Public/images/home/T1CCRNXmRFXXXXXXXX.png
ERR: 无法加载模块:Public

[ 2017-07-17T12:07:27+08:00 ] ::1 /myshop/Public/images/home/goods_28/small_201312262110282113.jpg
ERR: 无法加载模块:Public

[ 2017-07-17T12:07:27+08:00 ] ::1 /myshop/Public/css/images/head_foot_bj.png
ERR: 无法加载模块:Public

[ 2017-07-17T12:07:27+08:00 ] ::1 /myshop/Public/images/home/loading.gif
ERR: 无法加载模块:Public

[ 2017-07-17T12:07:27+08:00 ] ::1 /myshop/Public/css/images/searchBtn.jpg
ERR: 无法加载模块:Public

[ 2017-07-17T12:07:27+08:00 ] ::1 /myshop/Public/css/images/index_icon.png
ERR: 无法加载模块:Public

[ 2017-07-17T12:07:37+08:00 ] ::1 /myshop/Public/images/home/T1CCRNXmRFXXXXXXXX.png
ERR: 无法加载模块:Public

[ 2017-07-17T12:07:37+08:00 ] ::1 /myshop/Public/images/home/loading.gif
ERR: 无法加载模块:Public

[ 2017-07-17T12:07:50+08:00 ] ::1 /myshop/Public/images/home/goods_160/small_201312262119204138.jpg
ERR: 无法加载模块:Public

[ 2017-07-17T12:07:50+08:00 ] ::1 /myshop/Public/images/home/goods_83/small_201504291958031037.jpeg
ERR: 无法加载模块:Public

[ 2017-07-17T12:07:50+08:00 ] ::1 /myshop/Public/images/home/goods_28/small_201312262110282113.jpg
ERR: 无法加载模块:Public

[ 2017-07-17T12:07:50+08:00 ] ::1 /myshop/Public/images/home/T1CCRNXmRFXXXXXXXX.png
ERR: 无法加载模块:Public

[ 2017-07-17T12:07:50+08:00 ] ::1 /myshop/Public/images/home/goods_83/small_201504291958031037.jpeg
ERR: 无法加载模块:Public

[ 2017-07-17T12:07:50+08:00 ] ::1 /myshop/Public/images/home/goods_160/small_201312262119204138.jpg
ERR: 无法加载模块:Public

[ 2017-07-17T12:07:50+08:00 ] ::1 /myshop/Public/images/home/goods_28/small_201312262110282113.jpg
ERR: 无法加载模块:Public

[ 2017-07-17T12:07:50+08:00 ] ::1 /myshop/Public/css/images/searchBtn.jpg
ERR: 无法加载模块:Public

[ 2017-07-17T12:07:50+08:00 ] ::1 /myshop/Public/css/images/head_foot_bj.png
ERR: 无法加载模块:Public

[ 2017-07-17T12:07:50+08:00 ] ::1 /myshop/Public/css/images/index_icon.png
ERR: 无法加载模块:Public

[ 2017-07-17T12:07:50+08:00 ] ::1 /myshop/Public/images/home/loading.gif
ERR: 无法加载模块:Public

[ 2017-07-17T12:07:54+08:00 ] ::1 /myshop/Public/images/home/goods_186/small_201312262223061143.jpg
ERR: 无法加载模块:Public

[ 2017-07-17T12:07:54+08:00 ] ::1 /myshop/Public/images/home/T1CCRNXmRFXXXXXXXX.png
ERR: 无法加载模块:Public

[ 2017-07-17T12:07:54+08:00 ] ::1 /myshop/Public/css/images/searchBtn.jpg
ERR: 无法加载模块:Public

[ 2017-07-17T12:07:54+08:00 ] ::1 /myshop/Public/images/home/loading.gif
ERR: 无法加载模块:Public

[ 2017-07-17T12:07:54+08:00 ] ::1 /myshop/Public/css/images/index_icon.png
ERR: 无法加载模块:Public

[ 2017-07-17T12:07:54+08:00 ] ::1 /myshop/Public/css/images/head_foot_bj.png
ERR: 无法加载模块:Public

[ 2017-07-17T12:07:54+08:00 ] ::1 /myshop/Public/css/images/home/text.gif
ERR: 无法加载模块:Public

[ 2017-07-17T12:07:54+08:00 ] ::1 /myshop/Public/images/home/goods_186/small_201312262223061143.jpg
ERR: 无法加载模块:Public

[ 2017-07-17T12:08:11+08:00 ] ::1 /myshop/Public/images/home/goods_186/small_201312262223061143.jpg
ERR: 无法加载模块:Public

[ 2017-07-17T12:08:11+08:00 ] ::1 /myshop/Public/images/home/goods_186/small_201312262223061143.jpg
ERR: 无法加载模块:Public

[ 2017-07-17T12:08:11+08:00 ] ::1 /myshop/Public/images/home/T1CCRNXmRFXXXXXXXX.png
ERR: 无法加载模块:Public

[ 2017-07-17T12:08:11+08:00 ] ::1 /myshop/Public/images/home/loading.gif
ERR: 无法加载模块:Public

[ 2017-07-17T12:08:11+08:00 ] ::1 /myshop/Public/css/images/index_icon.png
ERR: 无法加载模块:Public

[ 2017-07-17T12:08:11+08:00 ] ::1 /myshop/Public/css/images/head_foot_bj.png
ERR: 无法加载模块:Public

[ 2017-07-17T12:08:11+08:00 ] ::1 /myshop/Public/css/images/searchBtn.jpg
ERR: 无法加载模块:Public

[ 2017-07-17T12:08:13+08:00 ] ::1 /myshop/Public/images/home/goods_83/small_201504291958031037.jpeg
ERR: 无法加载模块:Public

[ 2017-07-17T12:08:13+08:00 ] ::1 /myshop/Public/images/home/goods_28/small_201312262110282113.jpg
ERR: 无法加载模块:Public

[ 2017-07-17T12:08:13+08:00 ] ::1 /myshop/Public/images/home/goods_160/small_201312262119204138.jpg
ERR: 无法加载模块:Public

[ 2017-07-17T12:08:13+08:00 ] ::1 /myshop/Public/images/home/T1CCRNXmRFXXXXXXXX.png
ERR: 无法加载模块:Public

[ 2017-07-17T12:08:13+08:00 ] ::1 /myshop/Public/images/home/loading.gif
ERR: 无法加载模块:Public

[ 2017-07-17T12:08:13+08:00 ] ::1 /myshop/Public/css/images/head_foot_bj.png
ERR: 无法加载模块:Public

[ 2017-07-17T12:08:13+08:00 ] ::1 /myshop/Public/css/images/searchBtn.jpg
ERR: 无法加载模块:Public

[ 2017-07-17T12:08:13+08:00 ] ::1 /myshop/Public/css/images/index_icon.png
ERR: 无法加载模块:Public

[ 2017-07-17T12:26:54+08:00 ] ::1 /myshop/Public/images/home/goods_28/small_201312262110282113.jpg
ERR: 无法加载模块:Public

[ 2017-07-17T12:26:54+08:00 ] ::1 /myshop/Public/images/home/goods_160/small_201312262119204138.jpg
ERR: 无法加载模块:Public

[ 2017-07-17T12:26:54+08:00 ] ::1 /myshop/Public/images/home/goods_51/small_201312262110515808.jpg
ERR: 无法加载模块:Public

[ 2017-07-17T12:27:12+08:00 ] ::1 /myshop/Public/images/home/goods_130/small_201312262152104798.jpg
ERR: 无法加载模块:Public

[ 2017-07-17T12:27:12+08:00 ] ::1 /myshop/Public/images/home/goods_47/small_201312262154079508.jpg
ERR: 无法加载模块:Public

[ 2017-07-17T12:27:12+08:00 ] ::1 /myshop/Public/images/home/goods_95/small_201312262151359791.jpg
ERR: 无法加载模块:Public

[ 2017-07-17T12:27:12+08:00 ] ::1 /myshop/Public/images/home/goods_178/small_201312262156186146.jpg
ERR: 无法加载模块:Public

[ 2017-07-17T12:27:13+08:00 ] ::1 /myshop/Public/images/home/goods_76/small_201312262157569987.jpg
ERR: 无法加载模块:Public

[ 2017-07-17T12:27:13+08:00 ] ::1 /myshop/Public/images/home/goods_162/small_201312262159227323.jpg
ERR: 无法加载模块:Public

[ 2017-07-17T12:27:13+08:00 ] ::1 /myshop/Public/images/home/goods_11/small_201312262156516537.jpg
ERR: 无法加载模块:Public

[ 2017-07-17T12:27:13+08:00 ] ::1 /myshop/Public/images/home/goods_111/small_201312262158319438.jpg
ERR: 无法加载模块:Public

[ 2017-07-17T12:27:23+08:00 ] ::1 /myshop/Public/images/home/dot1.jpg
ERR: 无法加载模块:Public

[ 2017-07-17T12:27:23+08:00 ] ::1 /myshop/Public/images/home/dot2.jpg
ERR: 无法加载模块:Public

[ 2017-07-17T12:27:36+08:00 ] ::1 /myshop/Public/images/home/T1CCRNXmRFXXXXXXXX.png
ERR: 无法加载模块:Public

[ 2017-07-17T12:27:36+08:00 ] ::1 /myshop/Public/css/images/head_foot_bj.png
ERR: 无法加载模块:Public

[ 2017-07-17T12:27:36+08:00 ] ::1 /myshop/Public/images/home/loading.gif
ERR: 无法加载模块:Public

[ 2017-07-17T12:27:36+08:00 ] ::1 /myshop/Public/css/images/nnav_abg.jpg
ERR: 无法加载模块:Public

[ 2017-07-17T12:27:36+08:00 ] ::1 /myshop/Public/css/images/index_icon.png
ERR: 无法加载模块:Public

[ 2017-07-17T12:27:36+08:00 ] ::1 /myshop/Public/images/home/T1_w.iXaXcXXbHEyTv-150-650.png
ERR: 无法加载模块:Public

[ 2017-07-17T12:27:36+08:00 ] ::1 /myshop/Public/images/home/gray_line.jpg
ERR: 无法加载模块:Public

[ 2017-07-17T12:27:36+08:00 ] ::1 /myshop/Public/images/home/T1sHDgXkpeXXb0v4jv-150-450.png
ERR: 无法加载模块:Public

[ 2017-07-17T12:27:36+08:00 ] ::1 /myshop/Public/css/images/searchBtn.jpg
ERR: 无法加载模块:Public

[ 2017-07-17T12:27:39+08:00 ] ::1 /myshop/Public/images/home/goods_160/small_201312262119204138.jpg
ERR: 无法加载模块:Public

[ 2017-07-17T12:27:39+08:00 ] ::1 /myshop/Public/images/home/goods_83/small_201504291958031037.jpeg
ERR: 无法加载模块:Public

[ 2017-07-17T12:27:39+08:00 ] ::1 /myshop/Public/images/home/goods_28/small_201312262110282113.jpg
ERR: 无法加载模块:Public

[ 2017-07-17T12:27:39+08:00 ] ::1 /myshop/Public/images/home/T1CCRNXmRFXXXXXXXX.png
ERR: 无法加载模块:Public

[ 2017-07-17T12:27:39+08:00 ] ::1 /myshop/Public/css/images/head_foot_bj.png
ERR: 无法加载模块:Public

[ 2017-07-17T12:27:39+08:00 ] ::1 /myshop/Public/css/images/index_icon.png
ERR: 无法加载模块:Public

[ 2017-07-17T12:27:39+08:00 ] ::1 /myshop/Public/images/home/goods_83/small_201504291958031037.jpeg
ERR: 无法加载模块:Public

[ 2017-07-17T12:27:39+08:00 ] ::1 /myshop/Public/images/home/loading.gif
ERR: 无法加载模块:Public

[ 2017-07-17T12:27:39+08:00 ] ::1 /myshop/Public/css/images/searchBtn.jpg
ERR: 无法加载模块:Public

[ 2017-07-17T12:27:39+08:00 ] ::1 /myshop/Public/images/home/goods_160/small_201312262119204138.jpg
ERR: 无法加载模块:Public

[ 2017-07-17T12:27:39+08:00 ] ::1 /myshop/Public/images/home/goods_28/small_201312262110282113.jpg
ERR: 无法加载模块:Public

[ 2017-07-17T12:27:40+08:00 ] ::1 /myshop/Public/css/images/head_foot_bj.png
ERR: 无法加载模块:Public

[ 2017-07-17T12:27:40+08:00 ] ::1 /myshop/Public/images/home/T1CCRNXmRFXXXXXXXX.png
ERR: 无法加载模块:Public

[ 2017-07-17T12:27:40+08:00 ] ::1 /myshop/Public/css/images/searchBtn.jpg
ERR: 无法加载模块:Public

[ 2017-07-17T12:27:40+08:00 ] ::1 /myshop/Public/images/home/loading.gif
ERR: 无法加载模块:Public

[ 2017-07-17T12:27:40+08:00 ] ::1 /myshop/Public/css/images/nnav_abg.jpg
ERR: 无法加载模块:Public

[ 2017-07-17T12:27:40+08:00 ] ::1 /myshop/Public/css/images/index_icon.png
ERR: 无法加载模块:Public

[ 2017-07-17T12:28:04+08:00 ] ::1 /myshop/Public/data/files/store_2/goods_110/small_201312262048304586.jpg
ERR: 无法加载模块:Public

[ 2017-07-17T12:28:04+08:00 ] ::1 /myshop/Public/data/files/store_2/goods_153/small_201312262105539118.jpg
ERR: 无法加载模块:Public

[ 2017-07-17T12:28:04+08:00 ] ::1 /myshop/Public/data/files/store_2/goods_141/small_201312262115417011.jpg
ERR: 无法加载模块:Public

[ 2017-07-17T14:51:15+08:00 ] ::1 /myshop/Public/images/home/T1CCRNXmRFXXXXXXXX.png
ERR: 无法加载模块:Public

[ 2017-07-17T14:51:15+08:00 ] ::1 /myshop/Public/images/home/loading.gif
ERR: 无法加载模块:Public

[ 2017-07-17T15:04:55+08:00 ] ::1 /Public/images/home/goods_83/small_201504291958031037.jpeg
ERR: 无法加载模块:Public

[ 2017-07-17T15:04:55+08:00 ] ::1 /Public/images/home/goods_160/small_201312262119204138.jpg
ERR: 无法加载模块:Public

[ 2017-07-17T15:04:55+08:00 ] ::1 /Public/images/home/goods_28/small_201312262110282113.jpg
ERR: 无法加载模块:Public

[ 2017-07-17T15:04:55+08:00 ] ::1 /Public/images/home/T1CCRNXmRFXXXXXXXX.png
ERR: 无法加载模块:Public

[ 2017-07-17T15:04:55+08:00 ] ::1 /Public/images/home/goods_83/small_201504291958031037.jpeg
ERR: 无法加载模块:Public

[ 2017-07-17T15:04:55+08:00 ] ::1 /Public/images/home/loading.gif
ERR: 无法加载模块:Public

[ 2017-07-17T15:04:55+08:00 ] ::1 /Public/images/home/goods_28/small_201312262110282113.jpg
ERR: 无法加载模块:Public

[ 2017-07-17T15:04:55+08:00 ] ::1 /Public/images/home/goods_160/small_201312262119204138.jpg
ERR: 无法加载模块:Public

[ 2017-07-17T15:04:55+08:00 ] ::1 /Public/css/images/head_foot_bj.png
ERR: 无法加载模块:Public

[ 2017-07-17T15:04:55+08:00 ] ::1 /Public/images/home/rest_bg2.png
ERR: 无法加载模块:Public

[ 2017-07-17T15:04:55+08:00 ] ::1 /Public/css/images/searchBtn.jpg
ERR: 无法加载模块:Public

[ 2017-07-17T15:04:55+08:00 ] ::1 /Public/css/images/index_icon.png
ERR: 无法加载模块:Public

[ 2017-07-17T15:04:55+08:00 ] ::1 /Public/images/home/t_list_icon.png
ERR: 无法加载模块:Public

[ 2017-07-17T15:04:55+08:00 ] ::1 /Public/images/home/midd_bg.png
ERR: 无法加载模块:Public

[ 2017-07-17T15:05:16+08:00 ] ::1 /myshop/Public/images/home/goods_83/small_201504291958031037.jpeg
ERR: 无法加载模块:Public

[ 2017-07-17T15:05:16+08:00 ] ::1 /myshop/Public/images/home/goods_160/small_201312262119204138.jpg
ERR: 无法加载模块:Public

[ 2017-07-17T15:05:16+08:00 ] ::1 /myshop/Public/images/home/goods_28/small_201312262110282113.jpg
ERR: 无法加载模块:Public

[ 2017-07-17T15:05:16+08:00 ] ::1 /myshop/Public/css/images/searchBtn.jpg
ERR: 无法加载模块:Public

[ 2017-07-17T15:05:16+08:00 ] ::1 /myshop/Public/css/images/head_foot_bj.png
ERR: 无法加载模块:Public

[ 2017-07-17T15:05:16+08:00 ] ::1 /myshop/Public/images/home/T1CCRNXmRFXXXXXXXX.png
ERR: 无法加载模块:Public

[ 2017-07-17T15:05:16+08:00 ] ::1 /myshop/Public/images/home/loading.gif
ERR: 无法加载模块:Public

[ 2017-07-17T15:05:17+08:00 ] ::1 /myshop/Public/css/images/index_icon.png
ERR: 无法加载模块:Public

[ 2017-07-17T15:05:17+08:00 ] ::1 /myshop/Public/images/home/goods_83/small_201504291958031037.jpeg
ERR: 无法加载模块:Public

[ 2017-07-17T15:05:17+08:00 ] ::1 /myshop/Public/images/home/goods_160/small_201312262119204138.jpg
ERR: 无法加载模块:Public

[ 2017-07-17T15:05:17+08:00 ] ::1 /myshop/Public/images/home/goods_28/small_201312262110282113.jpg
ERR: 无法加载模块:Public

[ 2017-07-17T15:05:17+08:00 ] ::1 /myshop/Public/images/home/rest_bg2.png
ERR: 无法加载模块:Public

[ 2017-07-17T15:05:17+08:00 ] ::1 /myshop/Public/images/home/t_list_icon.png
ERR: 无法加载模块:Public

[ 2017-07-17T15:05:17+08:00 ] ::1 /myshop/Public/images/home/midd_bg.png
ERR: 无法加载模块:Public

[ 2017-07-17T15:05:37+08:00 ] ::1 /myshop/Public/images/home/goods_28/small_201312262110282113.jpg
ERR: 无法加载模块:Public

[ 2017-07-17T15:05:37+08:00 ] ::1 /myshop/Public/images/home/goods_160/small_201312262119204138.jpg
ERR: 无法加载模块:Public

[ 2017-07-17T15:05:37+08:00 ] ::1 /myshop/Public/images/home/goods_51/small_201312262110515808.jpg
ERR: 无法加载模块:Public

[ 2017-07-17T15:05:38+08:00 ] ::1 /myshop/Public/images/home/goods_130/small_201312262152104798.jpg
ERR: 无法加载模块:Public

[ 2017-07-17T15:05:38+08:00 ] ::1 /myshop/Public/images/home/goods_178/small_201312262156186146.jpg
ERR: 无法加载模块:Public

[ 2017-07-17T15:05:38+08:00 ] ::1 /myshop/Public/images/home/goods_95/small_201312262151359791.jpg
ERR: 无法加载模块:Public

[ 2017-07-17T15:05:38+08:00 ] ::1 /myshop/Public/images/home/goods_47/small_201312262154079508.jpg
ERR: 无法加载模块:Public

[ 2017-07-17T15:05:38+08:00 ] ::1 /myshop/Public/images/home/goods_162/small_201312262159227323.jpg
ERR: 无法加载模块:Public

[ 2017-07-17T15:05:38+08:00 ] ::1 /myshop/Public/images/home/goods_11/small_201312262156516537.jpg
ERR: 无法加载模块:Public

[ 2017-07-17T15:05:38+08:00 ] ::1 /myshop/Public/images/home/goods_111/small_201312262158319438.jpg
ERR: 无法加载模块:Public

[ 2017-07-17T15:05:38+08:00 ] ::1 /myshop/Public/images/home/goods_76/small_201312262157569987.jpg
ERR: 无法加载模块:Public

[ 2017-07-17T15:05:39+08:00 ] ::1 /myshop/Public/images/home/goods_72/small_201312262207528762.jpg
ERR: 无法加载模块:Public

[ 2017-07-17T15:05:39+08:00 ] ::1 /myshop/Public/images/home/goods_102/small_201312262208227300.jpg
ERR: 无法加载模块:Public

[ 2017-07-17T15:05:39+08:00 ] ::1 /myshop/Public/images/home/goods_127/small_201312262205276887.jpg
ERR: 无法加载模块:Public

[ 2017-07-17T15:05:39+08:00 ] ::1 /myshop/Public/images/home/goods_135/small_201312262208557042.jpg
ERR: 无法加载模块:Public

[ 2017-07-17T15:05:39+08:00 ] ::1 /myshop/Public/images/home/goods_176/small_201312262209361435.jpg
ERR: 无法加载模块:Public

