[ 2016-11-23T18:14:35+08:00 ] 127.0.0.1 /myshop/admin.php/Goods/genecates.html
INFO: [ app_begin ] --START--
INFO: Run Behavior\ReadHtmlCacheBehavior [ RunTime:0.000000s ]
INFO: [ app_begin ] --END-- [ RunTime:0.001000s ]
SQL: SHOW COLUMNS FROM `ecm_gcategory` [ RunTime:0.0010s ]
SQL: SELECT * FROM `ecm_gcategory` WHERE `parent_id` = 1  [ RunTime:0.0010s ]
INFO: [ app_end ] --START--
INFO: Run Behavior\ShowPageTraceBehavior [ RunTime:0.001000s ]
INFO: [ app_end ] --END-- [ RunTime:0.001000s ]

[ 2016-11-23T18:14:35+08:00 ] 127.0.0.1 /myshop/admin.php/Goods/genecates.html
INFO: [ app_begin ] --START--
INFO: Run Behavior\ReadHtmlCacheBehavior [ RunTime:0.001000s ]
INFO: [ app_begin ] --END-- [ RunTime:0.002000s ]
SQL: SHOW COLUMNS FROM `ecm_gcategory` [ RunTime:0.0010s ]
SQL: SELECT * FROM `ecm_gcategory` WHERE `parent_id` = 14  [ RunTime:0.0010s ]
INFO: [ app_end ] --START--
INFO: Run Behavior\ShowPageTraceBehavior [ RunTime:0.001000s ]
INFO: [ app_end ] --END-- [ RunTime:0.001000s ]

[ 2016-11-23T19:10:06+08:00 ] 127.0.0.1 /myshop/admin.php/Prop/prop_del
INFO: [ app_begin ] --START--
INFO: Run Behavior\ReadHtmlCacheBehavior [ RunTime:0.000000s ]
INFO: [ app_begin ] --END-- [ RunTime:0.001000s ]
SQL: SHOW COLUMNS FROM `ecm_goods_prop` [ RunTime:0.0010s ]
SQL: UPDATE `ecm_goods_prop` SET `shanchu`='0' WHERE `pid` = 1 [ RunTime:0.0000s ]
INFO: [ app_end ] --START--
INFO: Run Behavior\ShowPageTraceBehavior [ RunTime:0.001000s ]
INFO: [ app_end ] --END-- [ RunTime:0.001000s ]

[ 2016-11-23T19:10:58+08:00 ] 127.0.0.1 /myshop/admin.php/Prop/prop_del
INFO: [ app_begin ] --START--
INFO: Run Behavior\ReadHtmlCacheBehavior [ RunTime:0.001000s ]
INFO: [ app_begin ] --END-- [ RunTime:0.002000s ]
SQL: SHOW COLUMNS FROM `ecm_goods_prop` [ RunTime:0.0010s ]
SQL: UPDATE `ecm_goods_prop` SET `shanchu`='0' WHERE `pid` = 4 [ RunTime:0.0000s ]
INFO: [ app_end ] --START--
INFO: Run Behavior\ShowPageTraceBehavior [ RunTime:0.001000s ]
INFO: [ app_end ] --END-- [ RunTime:0.001000s ]

[ 2016-11-23T19:34:09+08:00 ] 127.0.0.1 /myshop/admin.php/Prop/setflag
INFO: [ app_begin ] --START--
INFO: Run Behavior\ReadHtmlCacheBehavior [ RunTime:0.001000s ]
INFO: [ app_begin ] --END-- [ RunTime:0.001000s ]
SQL: SHOW COLUMNS FROM `ecm_goods_prop` [ RunTime:0.0010s ]
SQL: UPDATE `ecm_goods_prop` SET `shanchu`='0' WHERE `pid` = 2 [ RunTime:0.0000s ]

[ 2016-11-23T19:34:34+08:00 ] 127.0.0.1 /myshop/admin.php/Prop/setflag
INFO: [ app_begin ] --START--
INFO: Run Behavior\ReadHtmlCacheBehavior [ RunTime:0.001000s ]
INFO: [ app_begin ] --END-- [ RunTime:0.001000s ]
SQL: SHOW COLUMNS FROM `ecm_goods_prop` [ RunTime:0.0000s ]
SQL: UPDATE `ecm_goods_prop` SET `shanchu`='0' WHERE `pid` = 5 [ RunTime:0.0010s ]

[ 2016-11-23T19:34:39+08:00 ] 127.0.0.1 /myshop/admin.php/Prop/setflag
INFO: [ app_begin ] --START--
INFO: Run Behavior\ReadHtmlCacheBehavior [ RunTime:0.000000s ]
INFO: [ app_begin ] --END-- [ RunTime:0.001001s ]
SQL: SHOW COLUMNS FROM `ecm_goods_prop` [ RunTime:0.0000s ]
SQL: UPDATE `ecm_goods_prop` SET `shanchu`='0' WHERE `pid` = 23 [ RunTime:0.0010s ]

[ 2016-11-23T19:34:51+08:00 ] 127.0.0.1 /myshop/admin.php/Prop/setflag
INFO: [ app_begin ] --START--
INFO: Run Behavior\ReadHtmlCacheBehavior [ RunTime:0.002000s ]
INFO: [ app_begin ] --END-- [ RunTime:0.002000s ]
SQL: SHOW COLUMNS FROM `ecm_goods_prop` [ RunTime:0.0010s ]
SQL: UPDATE `ecm_goods_prop` SET `shanchu`='0' WHERE `pid` = 3 [ RunTime:0.0010s ]

[ 2016-11-23T19:34:55+08:00 ] 127.0.0.1 /myshop/admin.php/Prop/setflag
INFO: [ app_begin ] --START--
INFO: Run Behavior\ReadHtmlCacheBehavior [ RunTime:0.001000s ]
INFO: [ app_begin ] --END-- [ RunTime:0.001000s ]
SQL: SHOW COLUMNS FROM `ecm_goods_prop` [ RunTime:0.0010s ]
SQL: UPDATE `ecm_goods_prop` SET `shanchu`='0' WHERE `pid` = 22 [ RunTime:0.0000s ]

[ 2016-11-23T19:35:25+08:00 ] 127.0.0.1 /myshop/admin.php/Prop/setflag
INFO: [ app_begin ] --START--
INFO: Run Behavior\ReadHtmlCacheBehavior [ RunTime:0.001000s ]
INFO: [ app_begin ] --END-- [ RunTime:0.001000s ]
SQL: SHOW COLUMNS FROM `ecm_goods_prop` [ RunTime:0.0010s ]
SQL: UPDATE `ecm_goods_prop` SET `shanchu`='0' WHERE `pid` = 21 [ RunTime:0.0010s ]

[ 2016-11-23T19:36:15+08:00 ] 127.0.0.1 /myshop/admin.php/Prop/setflag
INFO: [ app_begin ] --START--
INFO: Run Behavior\ReadHtmlCacheBehavior [ RunTime:0.001000s ]
INFO: [ app_begin ] --END-- [ RunTime:0.002000s ]
SQL: SHOW COLUMNS FROM `ecm_goods_prop` [ RunTime:0.0010s ]
SQL: UPDATE `ecm_goods_prop` SET `shanchu`='0' WHERE `pid` = 20 [ RunTime:0.0000s ]

[ 2016-11-23T19:36:21+08:00 ] 127.0.0.1 /myshop/admin.php/Prop/setflag
INFO: [ app_begin ] --START--
INFO: Run Behavior\ReadHtmlCacheBehavior [ RunTime:0.001000s ]
INFO: [ app_begin ] --END-- [ RunTime:0.001000s ]
SQL: SHOW COLUMNS FROM `ecm_goods_prop` [ RunTime:0.0000s ]
SQL: UPDATE `ecm_goods_prop` SET `shanchu`='0' WHERE `pid` = 19 [ RunTime:0.0000s ]

[ 2016-11-23T19:40:21+08:00 ] 127.0.0.1 /myshop/admin.php/Prop/setflag
INFO: [ app_begin ] --START--
INFO: Run Behavior\ReadHtmlCacheBehavior [ RunTime:0.001000s ]
INFO: [ app_begin ] --END-- [ RunTime:0.001000s ]
SQL: SHOW COLUMNS FROM `ecm_goods_prop` [ RunTime:0.0000s ]
SQL: UPDATE `ecm_goods_prop` SET `shanchu`='1' WHERE `pid` = 1 [ RunTime:0.0010s ]

