[ 2017-02-07T21:29:34+08:00 ] 127.0.0.1 /myshop/index.php/Admin/Index/assets/js/common/main-min.js
ERR: 非法操作:assets

[ 2017-02-07T21:29:54+08:00 ] 127.0.0.1 /myshop/index.php/Admin/Prop/prop_del
INFO: [ app_begin ] --START--
INFO: Run Behavior\ReadHtmlCacheBehavior [ RunTime:0.001000s ]
INFO: [ app_begin ] --END-- [ RunTime:0.001000s ]
SQL: SHOW COLUMNS FROM `ecm_goods_prop` [ RunTime:0.0070s ]
SQL: UPDATE `ecm_goods_prop` SET `shanchu`='0' WHERE `pid` = 19 [ RunTime:0.0020s ]
INFO: [ app_end ] --START--
INFO: Run Behavior\ShowPageTraceBehavior [ RunTime:0.001001s ]
INFO: [ app_end ] --END-- [ RunTime:0.001001s ]

[ 2017-02-07T21:41:39+08:00 ] 127.0.0.1 /myshop/index.php/Admin/Goods/goods_del
INFO: [ app_begin ] --START--
INFO: Run Behavior\ReadHtmlCacheBehavior [ RunTime:0.001000s ]
INFO: [ app_begin ] --END-- [ RunTime:0.002000s ]
SQL: SHOW COLUMNS FROM `ecm_goods` [ RunTime:0.0100s ]
SQL: UPDATE `ecm_goods` SET `if_show`='0' WHERE `goods_id` = 77 [ RunTime:0.0020s ]
INFO: [ app_end ] --START--
INFO: Run Behavior\ShowPageTraceBehavior [ RunTime:0.002000s ]
INFO: [ app_end ] --END-- [ RunTime:0.002000s ]

[ 2017-02-07T21:41:49+08:00 ] 127.0.0.1 /myshop/index.php/Admin/Goods/genedcate.html
INFO: [ app_begin ] --START--
INFO: Run Behavior\ReadHtmlCacheBehavior [ RunTime:0.001000s ]
INFO: [ app_begin ] --END-- [ RunTime:0.002000s ]
SQL: SHOW COLUMNS FROM `ecm_gcategory` [ RunTime:0.0090s ]
SQL: SELECT * FROM `ecm_gcategory` WHERE `parent_id` = 1  [ RunTime:0.0020s ]
NOTIC: [8] Undefined variable: opt C:\xampp\htdocs\myshop\Shops\Admin\Controller\GoodsController.class.php 第 214 行.
INFO: [ app_end ] --START--
INFO: Run Behavior\ShowPageTraceBehavior [ RunTime:0.001000s ]
INFO: [ app_end ] --END-- [ RunTime:0.001000s ]

[ 2017-02-07T21:41:49+08:00 ] 127.0.0.1 /myshop/index.php/Admin/Goods/genedcate.html
INFO: [ app_begin ] --START--
INFO: Run Behavior\ReadHtmlCacheBehavior [ RunTime:0.001000s ]
INFO: [ app_begin ] --END-- [ RunTime:0.001000s ]
SQL: SHOW COLUMNS FROM `ecm_gcategory` [ RunTime:0.0200s ]
SQL: SELECT * FROM `ecm_gcategory` WHERE `parent_id` = 14  [ RunTime:0.0050s ]
NOTIC: [8] Undefined variable: opt C:\xampp\htdocs\myshop\Shops\Admin\Controller\GoodsController.class.php 第 214 行.
INFO: [ app_end ] --START--
INFO: Run Behavior\ShowPageTraceBehavior [ RunTime:0.001000s ]
INFO: [ app_end ] --END-- [ RunTime:0.001000s ]

[ 2017-02-07T21:51:31+08:00 ] 127.0.0.1 /myshop/index.php/Admin/Index/assets/js/common/main-min.js
ERR: 非法操作:assets

