[ 2016-11-28T13:21:37+08:00 ] 127.0.0.1 /myshop/index.php/Home/Mem_Order/Mem_order_list
ERR: 模板不存在:./Shops/Home/View/Mem_Order/Mem_order_list.html

[ 2016-11-28T13:25:27+08:00 ] 127.0.0.1 /myshop/index.php/Home/Register/index.php?act=jslang
ERR: 非法操作:index.php

[ 2016-11-28T13:25:30+08:00 ] 127.0.0.1 /myshop/index.php/Home/Memlogin/login?cateid=&goodsid=
ERR: 无法加载控制器:Memlogin

[ 2016-11-28T13:27:37+08:00 ] 127.0.0.1 /myshop/index.php/Home/Memlogin/login?cateid=&goodsid=
ERR: 无法加载控制器:Memlogin

[ 2016-11-28T13:27:41+08:00 ] 127.0.0.1 /myshop/index.php/Home/Register/index.php?act=jslang
ERR: 非法操作:index.php

[ 2016-11-28T13:43:20+08:00 ] 127.0.0.1 /myshop/index.php/Home/Memlogin/login?cateid=&goodsid=
ERR: 无法加载控制器:Memlogin

[ 2016-11-28T13:43:23+08:00 ] 127.0.0.1 /myshop/index.php/Home/Register/index.php?act=jslang
ERR: 非法操作:index.php

[ 2016-11-28T13:44:50+08:00 ] 127.0.0.1 /myshop/index.php/Home/MemLogin/login
ERR: 模板不存在:./Shops/Home/View/MemLogin/login.html

[ 2016-11-28T13:45:41+08:00 ] 127.0.0.1 /myshop/index.php/Home/MemLogin/index.php?act=jslang
ERR: 非法操作:index.php

[ 2016-11-28T13:46:06+08:00 ] 127.0.0.1 /myshop/index.php/Home/Memlogin/Memlogin?cateid=&goodsid=
ERR: 无法加载控制器:Memlogin

[ 2016-11-28T13:46:36+08:00 ] 127.0.0.1 /myshop/index.php/Home/Detail/detail/goodsid/index.php?act=jslang
ERR: SQLSTATE[42S22]: Column not found: 1054 Unknown column 'index.php' in 'where clause'

[ 2016-11-28T13:47:22+08:00 ] 127.0.0.1 /myshop/index.php/Home/Detail/favorite
INFO: [ app_begin ] --START--
INFO: Run Behavior\ReadHtmlCacheBehavior [ RunTime:0.000000s ]
INFO: [ app_begin ] --END-- [ RunTime:0.001000s ]
INFO: [ app_end ] --START--
INFO: Run Behavior\ShowPageTraceBehavior [ RunTime:0.000000s ]
INFO: [ app_end ] --END-- [ RunTime:0.000000s ]

[ 2016-11-28T13:47:24+08:00 ] 127.0.0.1 /myshop/index.php/Home/Memlogin/login/goodsid/1
ERR: 无法加载控制器:Memlogin

[ 2016-11-28T13:47:26+08:00 ] 127.0.0.1 /myshop/index.php/Home/Detail/detail/goodsid/index.php?act=jslang
ERR: SQLSTATE[42S22]: Column not found: 1054 Unknown column 'index.php' in 'where clause'

[ 2016-11-28T14:08:47+08:00 ] 127.0.0.1 /myshop/index.php/Home/Detail/detail/goodsid/index.php?act=jslang
ERR: SQLSTATE[42S22]: Column not found: 1054 Unknown column 'index.php' in 'where clause'

[ 2016-11-28T14:13:08+08:00 ] 127.0.0.1 /myshop/index.php/Home/Detail/detail/goodsid/index.php?act=jslang
ERR: SQLSTATE[42S22]: Column not found: 1054 Unknown column 'index.php' in 'where clause'

[ 2016-11-28T14:13:12+08:00 ] 127.0.0.1 /myshop/index.php/Home/Detail/checkusers.html
INFO: [ app_begin ] --START--
INFO: Run Behavior\ReadHtmlCacheBehavior [ RunTime:0.000000s ]
INFO: [ app_begin ] --END-- [ RunTime:0.001000s ]
INFO: [ app_end ] --START--
INFO: Run Behavior\ShowPageTraceBehavior [ RunTime:0.000000s ]
INFO: [ app_end ] --END-- [ RunTime:0.000000s ]

[ 2016-11-28T14:13:17+08:00 ] 127.0.0.1 /myshop/index.php/Home/Memlogin/Memlogin?cateid=&goodsid=1
ERR: 无法加载控制器:Memlogin

[ 2016-11-28T14:13:19+08:00 ] 127.0.0.1 /myshop/index.php/Home/Detail/detail/goodsid/index.php?act=jslang
ERR: SQLSTATE[42S22]: Column not found: 1054 Unknown column 'index.php' in 'where clause'

[ 2016-11-28T14:14:32+08:00 ] 127.0.0.1 /myshop/index.php/Home/Memlogin/Memlogin?cateid=&goodsid=1
ERR: 无法加载控制器:Memlogin

[ 2016-11-28T14:15:16+08:00 ] 127.0.0.1 /myshop/index.php/Home/Memlogin/Memlogin?cateid=&goodsid=1
ERR: 无法加载控制器:Memlogin

[ 2016-11-28T14:15:17+08:00 ] 127.0.0.1 /myshop/index.php/Home/Detail/detail/goodsid/index.php?act=jslang
ERR: SQLSTATE[42S22]: Column not found: 1054 Unknown column 'index.php' in 'where clause'

[ 2016-11-28T14:15:18+08:00 ] 127.0.0.1 /myshop/index.php/Home/Detail/detail/goodsid/index.php?act=jslang
ERR: SQLSTATE[42S22]: Column not found: 1054 Unknown column 'index.php' in 'where clause'

[ 2016-11-28T14:15:39+08:00 ] 127.0.0.1 /myshop/index.php/Home/MemLogin/index.php?act=jslang
ERR: 非法操作:index.php

[ 2016-11-28T14:15:43+08:00 ] 127.0.0.1 /myshop/index.php/Home/MemLogin/index.php?act=jslang
ERR: 非法操作:index.php

[ 2016-11-28T14:15:45+08:00 ] 127.0.0.1 /myshop/index.php/Home/MemLogin/index.php?act=jslang
ERR: 非法操作:index.php

[ 2016-11-28T14:15:46+08:00 ] 127.0.0.1 /myshop/index.php/Home/MemLogin/index.php?act=jslang
ERR: 非法操作:index.php

[ 2016-11-28T14:15:47+08:00 ] 127.0.0.1 /myshop/index.php/Home/MemLogin/index.php?act=jslang
ERR: 非法操作:index.php

[ 2016-11-28T14:17:11+08:00 ] 127.0.0.1 /myshop/index.php/Home/MemLogin/index.php?act=jslang
ERR: 非法操作:index.php

[ 2016-11-28T14:17:24+08:00 ] 127.0.0.1 /myshop/index.php/Home/Login/index.php?act=jslang
ERR: 非法操作:index.php

[ 2016-11-28T14:17:36+08:00 ] 127.0.0.1 /myshop/index.php/Home/Login/index.php?act=jslang
ERR: 非法操作:index.php

[ 2016-11-28T14:17:49+08:00 ] 127.0.0.1 /myshop/index.php/Home/Login/index.php?act=jslang
ERR: 非法操作:index.php

[ 2016-11-28T14:17:50+08:00 ] 127.0.0.1 /myshop/index.php/Home/Login/index.php?act=jslang
ERR: 非法操作:index.php

[ 2016-11-28T14:18:51+08:00 ] 127.0.0.1 /myshop/index.php/Home/Login/index.php?act=jslang
ERR: 非法操作:index.php

[ 2016-11-28T14:24:38+08:00 ] 127.0.0.1 /myshop/index.php/Home/Detail/detail/goodsid/index.php?act=jslang
ERR: SQLSTATE[42S22]: Column not found: 1054 Unknown column 'index.php' in 'where clause'

[ 2016-11-28T14:24:40+08:00 ] 127.0.0.1 /myshop/index.php/Home/Detail/checkusers.html
INFO: [ app_begin ] --START--
INFO: Run Behavior\ReadHtmlCacheBehavior [ RunTime:0.001000s ]
INFO: [ app_begin ] --END-- [ RunTime:0.001000s ]
INFO: [ app_end ] --START--
INFO: Run Behavior\ShowPageTraceBehavior [ RunTime:0.001000s ]
INFO: [ app_end ] --END-- [ RunTime:0.001000s ]

[ 2016-11-28T14:24:41+08:00 ] 127.0.0.1 /myshop/index.php/Home/Login/index.php?act=jslang
ERR: 非法操作:index.php

[ 2016-11-28T14:38:38+08:00 ] 127.0.0.1 /myshop/index.php/Home/Detail/detail/goodsid/index.php?act=jslang
ERR: SQLSTATE[42S22]: Column not found: 1054 Unknown column 'index.php' in 'where clause'

[ 2016-11-28T14:38:40+08:00 ] 127.0.0.1 /myshop/index.php/Home/Detail/checkusers.html
INFO: [ app_begin ] --START--
INFO: Run Behavior\ReadHtmlCacheBehavior [ RunTime:0.001001s ]
INFO: [ app_begin ] --END-- [ RunTime:0.001001s ]
INFO: [ app_end ] --START--
INFO: Run Behavior\ShowPageTraceBehavior [ RunTime:0.001000s ]
INFO: [ app_end ] --END-- [ RunTime:0.001000s ]

[ 2016-11-28T14:38:41+08:00 ] 127.0.0.1 /myshop/index.php/Home/MemLogin/Mem_login.html
ERR: 非法操作:Mem_login

[ 2016-11-28T14:38:44+08:00 ] 127.0.0.1 /myshop/index.php/Home/Detail/detail/goodsid/index.php?act=jslang
ERR: SQLSTATE[42S22]: Column not found: 1054 Unknown column 'index.php' in 'where clause'

[ 2016-11-28T14:44:03+08:00 ] 127.0.0.1 /myshop/index.php/Home/Detail/checkusers.html
INFO: [ app_begin ] --START--
INFO: Run Behavior\ReadHtmlCacheBehavior [ RunTime:0.001001s ]
INFO: [ app_begin ] --END-- [ RunTime:0.001001s ]
INFO: [ app_end ] --START--
INFO: Run Behavior\ShowPageTraceBehavior [ RunTime:0.001000s ]
INFO: [ app_end ] --END-- [ RunTime:0.001000s ]

[ 2016-11-28T14:44:03+08:00 ] 127.0.0.1 /myshop/index.php/Home/Detail/processaddcart.html
INFO: [ app_begin ] --START--
INFO: Run Behavior\ReadHtmlCacheBehavior [ RunTime:0.001000s ]
INFO: [ app_begin ] --END-- [ RunTime:0.001000s ]
SQL: SHOW COLUMNS FROM `ecm_cart` [ RunTime:0.0010s ]
SQL: SELECT COUNT(*) AS tp_count FROM `ecm_cart` WHERE `user_id` = 110 AND `goods_id` = 1 LIMIT 1   [ RunTime:0.0000s ]
SQL: SHOW COLUMNS FROM `ecm_goods` [ RunTime:0.0010s ]
SQL: SELECT * FROM `ecm_goods` WHERE `goods_id` = 1 LIMIT 1   [ RunTime:0.0010s ]
INFO: [ app_end ] --START--
INFO: Run Behavior\ShowPageTraceBehavior [ RunTime:0.001001s ]
INFO: [ app_end ] --END-- [ RunTime:0.001001s ]

[ 2016-11-28T14:44:06+08:00 ] 127.0.0.1 /myshop/index.php/Home/Detail/checkusers.html
INFO: [ app_begin ] --START--
INFO: Run Behavior\ReadHtmlCacheBehavior [ RunTime:0.001000s ]
INFO: [ app_begin ] --END-- [ RunTime:0.002000s ]
INFO: [ app_end ] --START--
INFO: Run Behavior\ShowPageTraceBehavior [ RunTime:0.001001s ]
INFO: [ app_end ] --END-- [ RunTime:0.001001s ]

[ 2016-11-28T14:44:06+08:00 ] 127.0.0.1 /myshop/index.php/Home/Detail/processaddcart.html
INFO: [ app_begin ] --START--
INFO: Run Behavior\ReadHtmlCacheBehavior [ RunTime:0.000000s ]
INFO: [ app_begin ] --END-- [ RunTime:0.001000s ]
SQL: SHOW COLUMNS FROM `ecm_cart` [ RunTime:0.0010s ]
SQL: SELECT COUNT(*) AS tp_count FROM `ecm_cart` WHERE `user_id` = 110 AND `goods_id` = 1 LIMIT 1   [ RunTime:0.0010s ]
SQL: SHOW COLUMNS FROM `ecm_goods` [ RunTime:0.0010s ]
SQL: SELECT * FROM `ecm_goods` WHERE `goods_id` = 1 LIMIT 1   [ RunTime:0.0010s ]
INFO: [ app_end ] --START--
INFO: Run Behavior\ShowPageTraceBehavior [ RunTime:0.001000s ]
INFO: [ app_end ] --END-- [ RunTime:0.001000s ]

[ 2016-11-28T14:44:07+08:00 ] 127.0.0.1 /myshop/index.php/Home/Detail/checkusers.html
INFO: [ app_begin ] --START--
INFO: Run Behavior\ReadHtmlCacheBehavior [ RunTime:0.001000s ]
INFO: [ app_begin ] --END-- [ RunTime:0.001000s ]
INFO: [ app_end ] --START--
INFO: Run Behavior\ShowPageTraceBehavior [ RunTime:0.000000s ]
INFO: [ app_end ] --END-- [ RunTime:0.001000s ]

[ 2016-11-28T14:44:07+08:00 ] 127.0.0.1 /myshop/index.php/Home/Detail/processaddcart.html
INFO: [ app_begin ] --START--
INFO: Run Behavior\ReadHtmlCacheBehavior [ RunTime:0.001000s ]
INFO: [ app_begin ] --END-- [ RunTime:0.001000s ]
SQL: SHOW COLUMNS FROM `ecm_cart` [ RunTime:0.0010s ]
SQL: SELECT COUNT(*) AS tp_count FROM `ecm_cart` WHERE `user_id` = 110 AND `goods_id` = 1 LIMIT 1   [ RunTime:0.0000s ]
SQL: SHOW COLUMNS FROM `ecm_goods` [ RunTime:0.0010s ]
SQL: SELECT * FROM `ecm_goods` WHERE `goods_id` = 1 LIMIT 1   [ RunTime:0.0000s ]
INFO: [ app_end ] --START--
INFO: Run Behavior\ShowPageTraceBehavior [ RunTime:0.001000s ]
INFO: [ app_end ] --END-- [ RunTime:0.001000s ]

[ 2016-11-28T14:44:07+08:00 ] 127.0.0.1 /myshop/index.php/Home/Detail/checkusers.html
INFO: [ app_begin ] --START--
INFO: Run Behavior\ReadHtmlCacheBehavior [ RunTime:0.001000s ]
INFO: [ app_begin ] --END-- [ RunTime:0.002000s ]
INFO: [ app_end ] --START--
INFO: Run Behavior\ShowPageTraceBehavior [ RunTime:0.002000s ]
INFO: [ app_end ] --END-- [ RunTime:0.002000s ]

[ 2016-11-28T14:44:08+08:00 ] 127.0.0.1 /myshop/index.php/Home/Detail/processaddcart.html
INFO: [ app_begin ] --START--
INFO: Run Behavior\ReadHtmlCacheBehavior [ RunTime:0.000000s ]
INFO: [ app_begin ] --END-- [ RunTime:0.001000s ]
SQL: SHOW COLUMNS FROM `ecm_cart` [ RunTime:0.0010s ]
SQL: SELECT COUNT(*) AS tp_count FROM `ecm_cart` WHERE `user_id` = 110 AND `goods_id` = 1 LIMIT 1   [ RunTime:0.0000s ]
SQL: SHOW COLUMNS FROM `ecm_goods` [ RunTime:0.0010s ]
SQL: SELECT * FROM `ecm_goods` WHERE `goods_id` = 1 LIMIT 1   [ RunTime:0.0000s ]
INFO: [ app_end ] --START--
INFO: Run Behavior\ShowPageTraceBehavior [ RunTime:0.001000s ]
INFO: [ app_end ] --END-- [ RunTime:0.001000s ]

[ 2016-11-28T14:44:08+08:00 ] 127.0.0.1 /myshop/index.php/Home/Detail/checkusers.html
INFO: [ app_begin ] --START--
INFO: Run Behavior\ReadHtmlCacheBehavior [ RunTime:0.001000s ]
INFO: [ app_begin ] --END-- [ RunTime:0.002001s ]
INFO: [ app_end ] --START--
INFO: Run Behavior\ShowPageTraceBehavior [ RunTime:0.001000s ]
INFO: [ app_end ] --END-- [ RunTime:0.001000s ]

[ 2016-11-28T14:44:08+08:00 ] 127.0.0.1 /myshop/index.php/Home/Detail/processaddcart.html
INFO: [ app_begin ] --START--
INFO: Run Behavior\ReadHtmlCacheBehavior [ RunTime:0.001000s ]
INFO: [ app_begin ] --END-- [ RunTime:0.001000s ]
SQL: SHOW COLUMNS FROM `ecm_cart` [ RunTime:0.0010s ]
SQL: SELECT COUNT(*) AS tp_count FROM `ecm_cart` WHERE `user_id` = 110 AND `goods_id` = 1 LIMIT 1   [ RunTime:0.0000s ]
SQL: SHOW COLUMNS FROM `ecm_goods` [ RunTime:0.0010s ]
SQL: SELECT * FROM `ecm_goods` WHERE `goods_id` = 1 LIMIT 1   [ RunTime:0.0000s ]
INFO: [ app_end ] --START--
INFO: Run Behavior\ShowPageTraceBehavior [ RunTime:0.001000s ]
INFO: [ app_end ] --END-- [ RunTime:0.001000s ]

[ 2016-11-28T14:44:08+08:00 ] 127.0.0.1 /myshop/index.php/Home/Detail/checkusers.html
INFO: [ app_begin ] --START--
INFO: Run Behavior\ReadHtmlCacheBehavior [ RunTime:0.001000s ]
INFO: [ app_begin ] --END-- [ RunTime:0.002000s ]
INFO: [ app_end ] --START--
INFO: Run Behavior\ShowPageTraceBehavior [ RunTime:0.000000s ]
INFO: [ app_end ] --END-- [ RunTime:0.000000s ]

[ 2016-11-28T14:44:08+08:00 ] 127.0.0.1 /myshop/index.php/Home/Detail/processaddcart.html
INFO: [ app_begin ] --START--
INFO: Run Behavior\ReadHtmlCacheBehavior [ RunTime:0.001000s ]
INFO: [ app_begin ] --END-- [ RunTime:0.001000s ]
SQL: SHOW COLUMNS FROM `ecm_cart` [ RunTime:0.0010s ]
SQL: SELECT COUNT(*) AS tp_count FROM `ecm_cart` WHERE `user_id` = 110 AND `goods_id` = 1 LIMIT 1   [ RunTime:0.0000s ]
SQL: SHOW COLUMNS FROM `ecm_goods` [ RunTime:0.0010s ]
SQL: SELECT * FROM `ecm_goods` WHERE `goods_id` = 1 LIMIT 1   [ RunTime:0.0000s ]
INFO: [ app_end ] --START--
INFO: Run Behavior\ShowPageTraceBehavior [ RunTime:0.001000s ]
INFO: [ app_end ] --END-- [ RunTime:0.001000s ]

[ 2016-11-28T14:44:08+08:00 ] 127.0.0.1 /myshop/index.php/Home/Detail/checkusers.html
INFO: [ app_begin ] --START--
INFO: Run Behavior\ReadHtmlCacheBehavior [ RunTime:0.001000s ]
INFO: [ app_begin ] --END-- [ RunTime:0.001000s ]
INFO: [ app_end ] --START--
INFO: Run Behavior\ShowPageTraceBehavior [ RunTime:0.001000s ]
INFO: [ app_end ] --END-- [ RunTime:0.001000s ]

[ 2016-11-28T14:44:08+08:00 ] 127.0.0.1 /myshop/index.php/Home/Detail/processaddcart.html
INFO: [ app_begin ] --START--
INFO: Run Behavior\ReadHtmlCacheBehavior [ RunTime:0.001000s ]
INFO: [ app_begin ] --END-- [ RunTime:0.001000s ]
SQL: SHOW COLUMNS FROM `ecm_cart` [ RunTime:0.0020s ]
SQL: SELECT COUNT(*) AS tp_count FROM `ecm_cart` WHERE `user_id` = 110 AND `goods_id` = 1 LIMIT 1   [ RunTime:0.0000s ]
SQL: SHOW COLUMNS FROM `ecm_goods` [ RunTime:0.0010s ]
SQL: SELECT * FROM `ecm_goods` WHERE `goods_id` = 1 LIMIT 1   [ RunTime:0.0000s ]
INFO: [ app_end ] --START--
INFO: Run Behavior\ShowPageTraceBehavior [ RunTime:0.001000s ]
INFO: [ app_end ] --END-- [ RunTime:0.001000s ]

[ 2016-11-28T14:44:10+08:00 ] 127.0.0.1 /myshop/index.php/Home/Detail/detail/goodsid/index.php?act=jslang
ERR: SQLSTATE[42S22]: Column not found: 1054 Unknown column 'index.php' in 'where clause'

[ 2016-11-28T14:44:14+08:00 ] 127.0.0.1 /myshop/index.php/Home/Detail/checkusers.html
INFO: [ app_begin ] --START--
INFO: Run Behavior\ReadHtmlCacheBehavior [ RunTime:0.001000s ]
INFO: [ app_begin ] --END-- [ RunTime:0.001000s ]
INFO: [ app_end ] --START--
INFO: Run Behavior\ShowPageTraceBehavior [ RunTime:0.001000s ]
INFO: [ app_end ] --END-- [ RunTime:0.001000s ]

[ 2016-11-28T14:44:14+08:00 ] 127.0.0.1 /myshop/index.php/Home/Detail/processaddcart.html
INFO: [ app_begin ] --START--
INFO: Run Behavior\ReadHtmlCacheBehavior [ RunTime:0.000000s ]
INFO: [ app_begin ] --END-- [ RunTime:0.001000s ]
SQL: SHOW COLUMNS FROM `ecm_cart` [ RunTime:0.0010s ]
SQL: SELECT COUNT(*) AS tp_count FROM `ecm_cart` WHERE `user_id` = 110 AND `goods_id` = 1 LIMIT 1   [ RunTime:0.0000s ]
SQL: SHOW COLUMNS FROM `ecm_goods` [ RunTime:0.0010s ]
SQL: SELECT * FROM `ecm_goods` WHERE `goods_id` = 1 LIMIT 1   [ RunTime:0.0010s ]
INFO: [ app_end ] --START--
INFO: Run Behavior\ShowPageTraceBehavior [ RunTime:0.001000s ]
INFO: [ app_end ] --END-- [ RunTime:0.001000s ]

[ 2016-11-28T14:44:17+08:00 ] 127.0.0.1 /myshop/index.php/Home/Detail/checkusers.html
INFO: [ app_begin ] --START--
INFO: Run Behavior\ReadHtmlCacheBehavior [ RunTime:0.001000s ]
INFO: [ app_begin ] --END-- [ RunTime:0.001000s ]
INFO: [ app_end ] --START--
INFO: Run Behavior\ShowPageTraceBehavior [ RunTime:0.000000s ]
INFO: [ app_end ] --END-- [ RunTime:0.000000s ]

[ 2016-11-28T14:44:17+08:00 ] 127.0.0.1 /myshop/index.php/Home/Detail/processaddcart.html
INFO: [ app_begin ] --START--
INFO: Run Behavior\ReadHtmlCacheBehavior [ RunTime:0.001000s ]
INFO: [ app_begin ] --END-- [ RunTime:0.001000s ]
SQL: SHOW COLUMNS FROM `ecm_cart` [ RunTime:0.0010s ]
SQL: SELECT COUNT(*) AS tp_count FROM `ecm_cart` WHERE `user_id` = 110 AND `goods_id` = 1 LIMIT 1   [ RunTime:0.0000s ]
SQL: SHOW COLUMNS FROM `ecm_goods` [ RunTime:0.0010s ]
SQL: SELECT * FROM `ecm_goods` WHERE `goods_id` = 1 LIMIT 1   [ RunTime:0.0000s ]
INFO: [ app_end ] --START--
INFO: Run Behavior\ShowPageTraceBehavior [ RunTime:0.001000s ]
INFO: [ app_end ] --END-- [ RunTime:0.001000s ]

[ 2016-11-28T14:44:18+08:00 ] 127.0.0.1 /myshop/index.php/Home/Detail/checkusers.html
INFO: [ app_begin ] --START--
INFO: Run Behavior\ReadHtmlCacheBehavior [ RunTime:0.001000s ]
INFO: [ app_begin ] --END-- [ RunTime:0.002000s ]
INFO: [ app_end ] --START--
INFO: Run Behavior\ShowPageTraceBehavior [ RunTime:0.001001s ]
INFO: [ app_end ] --END-- [ RunTime:0.001001s ]

[ 2016-11-28T14:44:18+08:00 ] 127.0.0.1 /myshop/index.php/Home/Detail/processaddcart.html
INFO: [ app_begin ] --START--
INFO: Run Behavior\ReadHtmlCacheBehavior [ RunTime:0.001000s ]
INFO: [ app_begin ] --END-- [ RunTime:0.002000s ]
SQL: SHOW COLUMNS FROM `ecm_cart` [ RunTime:0.0010s ]
SQL: SELECT COUNT(*) AS tp_count FROM `ecm_cart` WHERE `user_id` = 110 AND `goods_id` = 1 LIMIT 1   [ RunTime:0.0000s ]
SQL: SHOW COLUMNS FROM `ecm_goods` [ RunTime:0.0010s ]
SQL: SELECT * FROM `ecm_goods` WHERE `goods_id` = 1 LIMIT 1   [ RunTime:0.0000s ]
INFO: [ app_end ] --START--
INFO: Run Behavior\ShowPageTraceBehavior [ RunTime:0.001000s ]
INFO: [ app_end ] --END-- [ RunTime:0.001000s ]

[ 2016-11-28T14:44:21+08:00 ] 127.0.0.1 /myshop/index.php/Home/Detail/checkusers.html
INFO: [ app_begin ] --START--
INFO: Run Behavior\ReadHtmlCacheBehavior [ RunTime:0.001000s ]
INFO: [ app_begin ] --END-- [ RunTime:0.001000s ]
INFO: [ app_end ] --START--
INFO: Run Behavior\ShowPageTraceBehavior [ RunTime:0.002000s ]
INFO: [ app_end ] --END-- [ RunTime:0.002000s ]

[ 2016-11-28T14:44:21+08:00 ] 127.0.0.1 /myshop/index.php/Home/Detail/processaddcart.html
INFO: [ app_begin ] --START--
INFO: Run Behavior\ReadHtmlCacheBehavior [ RunTime:0.001001s ]
INFO: [ app_begin ] --END-- [ RunTime:0.001001s ]
SQL: SHOW COLUMNS FROM `ecm_cart` [ RunTime:0.0020s ]
SQL: SELECT COUNT(*) AS tp_count FROM `ecm_cart` WHERE `user_id` = 110 AND `goods_id` = 1 LIMIT 1   [ RunTime:0.0010s ]
SQL: SHOW COLUMNS FROM `ecm_goods` [ RunTime:0.0010s ]
SQL: SELECT * FROM `ecm_goods` WHERE `goods_id` = 1 LIMIT 1   [ RunTime:0.0010s ]
INFO: [ app_end ] --START--
INFO: Run Behavior\ShowPageTraceBehavior [ RunTime:0.001000s ]
INFO: [ app_end ] --END-- [ RunTime:0.001000s ]

[ 2016-11-28T14:44:32+08:00 ] 127.0.0.1 /myshop/index.php/Home/Detail/checkusers.html
INFO: [ app_begin ] --START--
INFO: Run Behavior\ReadHtmlCacheBehavior [ RunTime:0.001000s ]
INFO: [ app_begin ] --END-- [ RunTime:0.001000s ]
INFO: [ app_end ] --START--
INFO: Run Behavior\ShowPageTraceBehavior [ RunTime:0.001000s ]
INFO: [ app_end ] --END-- [ RunTime:0.001000s ]

[ 2016-11-28T14:44:32+08:00 ] 127.0.0.1 /myshop/index.php/Home/Detail/processaddcart.html
INFO: [ app_begin ] --START--
INFO: Run Behavior\ReadHtmlCacheBehavior [ RunTime:0.000000s ]
INFO: [ app_begin ] --END-- [ RunTime:0.001000s ]
SQL: SHOW COLUMNS FROM `ecm_cart` [ RunTime:0.0010s ]
SQL: SELECT COUNT(*) AS tp_count FROM `ecm_cart` WHERE `user_id` = 110 AND `goods_id` = 1 LIMIT 1   [ RunTime:0.0010s ]
SQL: SHOW COLUMNS FROM `ecm_goods` [ RunTime:0.0010s ]
SQL: SELECT * FROM `ecm_goods` WHERE `goods_id` = 1 LIMIT 1   [ RunTime:0.0010s ]
INFO: [ app_end ] --START--
INFO: Run Behavior\ShowPageTraceBehavior [ RunTime:0.000000s ]
INFO: [ app_end ] --END-- [ RunTime:0.000000s ]

[ 2016-11-28T14:44:42+08:00 ] 127.0.0.1 /myshop/index.php/Home/Detail/checkusers.html
INFO: [ app_begin ] --START--
INFO: Run Behavior\ReadHtmlCacheBehavior [ RunTime:0.000000s ]
INFO: [ app_begin ] --END-- [ RunTime:0.001000s ]
INFO: [ app_end ] --START--
INFO: Run Behavior\ShowPageTraceBehavior [ RunTime:0.000000s ]
INFO: [ app_end ] --END-- [ RunTime:0.000000s ]

[ 2016-11-28T14:44:42+08:00 ] 127.0.0.1 /myshop/index.php/Home/Detail/processaddcart.html
INFO: [ app_begin ] --START--
INFO: Run Behavior\ReadHtmlCacheBehavior [ RunTime:0.000000s ]
INFO: [ app_begin ] --END-- [ RunTime:0.001000s ]
SQL: SHOW COLUMNS FROM `ecm_cart` [ RunTime:0.0020s ]
SQL: SELECT COUNT(*) AS tp_count FROM `ecm_cart` WHERE `user_id` = 110 AND `goods_id` = 1 LIMIT 1   [ RunTime:0.0010s ]
SQL: SHOW COLUMNS FROM `ecm_goods` [ RunTime:0.0010s ]
SQL: SELECT * FROM `ecm_goods` WHERE `goods_id` = 1 LIMIT 1   [ RunTime:0.0010s ]
INFO: [ app_end ] --START--
INFO: Run Behavior\ShowPageTraceBehavior [ RunTime:0.000000s ]
INFO: [ app_end ] --END-- [ RunTime:0.001000s ]

[ 2016-11-28T14:44:55+08:00 ] 127.0.0.1 /myshop/index.php/Home/Detail/checkusers.html
INFO: [ app_begin ] --START--
INFO: Run Behavior\ReadHtmlCacheBehavior [ RunTime:0.000000s ]
INFO: [ app_begin ] --END-- [ RunTime:0.001000s ]
INFO: [ app_end ] --START--
INFO: Run Behavior\ShowPageTraceBehavior [ RunTime:0.001000s ]
INFO: [ app_end ] --END-- [ RunTime:0.001000s ]

[ 2016-11-28T14:44:55+08:00 ] 127.0.0.1 /myshop/index.php/Home/Detail/processaddcart.html
INFO: [ app_begin ] --START--
INFO: Run Behavior\ReadHtmlCacheBehavior [ RunTime:0.001000s ]
INFO: [ app_begin ] --END-- [ RunTime:0.002000s ]
SQL: SHOW COLUMNS FROM `ecm_cart` [ RunTime:0.0010s ]
SQL: SELECT COUNT(*) AS tp_count FROM `ecm_cart` WHERE `user_id` = 110 AND `goods_id` = 1 LIMIT 1   [ RunTime:0.0000s ]
SQL: SHOW COLUMNS FROM `ecm_goods` [ RunTime:0.0010s ]
SQL: SELECT * FROM `ecm_goods` WHERE `goods_id` = 1 LIMIT 1   [ RunTime:0.0010s ]
INFO: [ app_end ] --START--
INFO: Run Behavior\ShowPageTraceBehavior [ RunTime:0.001000s ]
INFO: [ app_end ] --END-- [ RunTime:0.001000s ]

[ 2016-11-28T14:45:11+08:00 ] 127.0.0.1 /myshop/index.php/Home/Detail/checkusers.html
INFO: [ app_begin ] --START--
INFO: Run Behavior\ReadHtmlCacheBehavior [ RunTime:0.001000s ]
INFO: [ app_begin ] --END-- [ RunTime:0.001000s ]
INFO: [ app_end ] --START--
INFO: Run Behavior\ShowPageTraceBehavior [ RunTime:0.001000s ]
INFO: [ app_end ] --END-- [ RunTime:0.001000s ]

[ 2016-11-28T14:45:11+08:00 ] 127.0.0.1 /myshop/index.php/Home/Detail/processaddcart.html
INFO: [ app_begin ] --START--
INFO: Run Behavior\ReadHtmlCacheBehavior [ RunTime:0.001000s ]
INFO: [ app_begin ] --END-- [ RunTime:0.001000s ]
SQL: SHOW COLUMNS FROM `ecm_cart` [ RunTime:0.0010s ]
SQL: SELECT COUNT(*) AS tp_count FROM `ecm_cart` WHERE `user_id` = 110 AND `goods_id` = 1 LIMIT 1   [ RunTime:0.0000s ]
SQL: SHOW COLUMNS FROM `ecm_goods` [ RunTime:0.0010s ]
SQL: SELECT * FROM `ecm_goods` WHERE `goods_id` = 1 LIMIT 1   [ RunTime:0.0000s ]
INFO: [ app_end ] --START--
INFO: Run Behavior\ShowPageTraceBehavior [ RunTime:0.000000s ]
INFO: [ app_end ] --END-- [ RunTime:0.000000s ]

[ 2016-11-28T14:45:19+08:00 ] 127.0.0.1 /myshop/index.php/Home/Detail/checkusers.html
INFO: [ app_begin ] --START--
INFO: Run Behavior\ReadHtmlCacheBehavior [ RunTime:0.001000s ]
INFO: [ app_begin ] --END-- [ RunTime:0.001000s ]
INFO: [ app_end ] --START--
INFO: Run Behavior\ShowPageTraceBehavior [ RunTime:0.001000s ]
INFO: [ app_end ] --END-- [ RunTime:0.001000s ]

[ 2016-11-28T14:45:19+08:00 ] 127.0.0.1 /myshop/index.php/Home/Detail/processaddcart.html
INFO: [ app_begin ] --START--
INFO: Run Behavior\ReadHtmlCacheBehavior [ RunTime:0.001000s ]
INFO: [ app_begin ] --END-- [ RunTime:0.001000s ]
SQL: SHOW COLUMNS FROM `ecm_cart` [ RunTime:0.0010s ]
SQL: SELECT COUNT(*) AS tp_count FROM `ecm_cart` WHERE `user_id` = 110 AND `goods_id` = 1 LIMIT 1   [ RunTime:0.0000s ]
SQL: SHOW COLUMNS FROM `ecm_goods` [ RunTime:0.0010s ]
SQL: SELECT * FROM `ecm_goods` WHERE `goods_id` = 1 LIMIT 1   [ RunTime:0.0010s ]
INFO: [ app_end ] --START--
INFO: Run Behavior\ShowPageTraceBehavior [ RunTime:0.001000s ]
INFO: [ app_end ] --END-- [ RunTime:0.001000s ]

[ 2016-11-28T14:46:04+08:00 ] 127.0.0.1 /myshop/index.php/Home/Detail/detail/goodsid/index.php?act=jslang
ERR: SQLSTATE[42S22]: Column not found: 1054 Unknown column 'index.php' in 'where clause'

[ 2016-11-28T14:46:10+08:00 ] 127.0.0.1 /myshop/index.php/Home/Detail/checkusers.html
INFO: [ app_begin ] --START--
INFO: Run Behavior\ReadHtmlCacheBehavior [ RunTime:0.001000s ]
INFO: [ app_begin ] --END-- [ RunTime:0.002000s ]
INFO: [ app_end ] --START--
INFO: Run Behavior\ShowPageTraceBehavior [ RunTime:0.001001s ]
INFO: [ app_end ] --END-- [ RunTime:0.001001s ]

[ 2016-11-28T14:46:10+08:00 ] 127.0.0.1 /myshop/index.php/Home/Detail/processaddcart.html
INFO: [ app_begin ] --START--
INFO: Run Behavior\ReadHtmlCacheBehavior [ RunTime:0.001000s ]
INFO: [ app_begin ] --END-- [ RunTime:0.001000s ]
SQL: SHOW COLUMNS FROM `ecm_cart` [ RunTime:0.0020s ]
SQL: SELECT COUNT(*) AS tp_count FROM `ecm_cart` WHERE `user_id` = 110 AND `goods_id` = 1 LIMIT 1   [ RunTime:0.0010s ]
SQL: SHOW COLUMNS FROM `ecm_goods` [ RunTime:0.0010s ]
SQL: SELECT * FROM `ecm_goods` WHERE `goods_id` = 1 LIMIT 1   [ RunTime:0.0000s ]
SQL: INSERT INTO `ecm_cart` (`user_id`,`goods_id`,`goods_name`,`price`) VALUES ('110','1','合家欢 新鲜西红柿 酸酸甜甜 凌晨采购 全程冷链','8.00') [ RunTime:0.0010s ]
INFO: [ app_end ] --START--
INFO: Run Behavior\ShowPageTraceBehavior [ RunTime:0.001000s ]
INFO: [ app_end ] --END-- [ RunTime:0.001000s ]

[ 2016-11-28T14:52:58+08:00 ] 127.0.0.1 /myshop/index.php/Home/Detail/detail/goodsid/index.php?act=jslang
ERR: SQLSTATE[42S22]: Column not found: 1054 Unknown column 'index.php' in 'where clause'

[ 2016-11-28T15:00:44+08:00 ] 127.0.0.1 /myshop/index.php/Home/login/out?cateid=&goodsid=1
ERR: 非法操作:out

[ 2016-11-28T15:00:46+08:00 ] 127.0.0.1 /myshop/index.php/Home/Detail/detail/goodsid/index.php?act=jslang
ERR: SQLSTATE[42S22]: Column not found: 1054 Unknown column 'index.php' in 'where clause'

[ 2016-11-28T15:00:50+08:00 ] 127.0.0.1 /myshop/index.php/Home/Detail/checkusers.html
INFO: [ app_begin ] --START--
INFO: Run Behavior\ReadHtmlCacheBehavior [ RunTime:0.001000s ]
INFO: [ app_begin ] --END-- [ RunTime:0.001000s ]
INFO: [ app_end ] --START--
INFO: Run Behavior\ShowPageTraceBehavior [ RunTime:0.001000s ]
INFO: [ app_end ] --END-- [ RunTime:0.001000s ]

[ 2016-11-28T15:00:50+08:00 ] 127.0.0.1 /myshop/index.php/Home/Detail/processaddcart.html
INFO: [ app_begin ] --START--
INFO: Run Behavior\ReadHtmlCacheBehavior [ RunTime:0.001000s ]
INFO: [ app_begin ] --END-- [ RunTime:0.001000s ]
SQL: SHOW COLUMNS FROM `ecm_cart` [ RunTime:0.0020s ]
SQL: SELECT COUNT(*) AS tp_count FROM `ecm_cart` WHERE `user_id` = 110 AND `goods_id` = 1 LIMIT 1   [ RunTime:0.0010s ]
INFO: [ app_end ] --START--
INFO: Run Behavior\ShowPageTraceBehavior [ RunTime:0.001000s ]
INFO: [ app_end ] --END-- [ RunTime:0.001000s ]

[ 2016-11-28T15:00:52+08:00 ] 127.0.0.1 /myshop/index.php/Home/Detail/checkusers.html
INFO: [ app_begin ] --START--
INFO: Run Behavior\ReadHtmlCacheBehavior [ RunTime:0.000000s ]
INFO: [ app_begin ] --END-- [ RunTime:0.001000s ]
INFO: [ app_end ] --START--
INFO: Run Behavior\ShowPageTraceBehavior [ RunTime:0.001000s ]
INFO: [ app_end ] --END-- [ RunTime:0.001000s ]

[ 2016-11-28T15:00:52+08:00 ] 127.0.0.1 /myshop/index.php/Home/Detail/processaddcart.html
INFO: [ app_begin ] --START--
INFO: Run Behavior\ReadHtmlCacheBehavior [ RunTime:0.001000s ]
INFO: [ app_begin ] --END-- [ RunTime:0.001000s ]
SQL: SHOW COLUMNS FROM `ecm_cart` [ RunTime:0.0010s ]
SQL: SELECT COUNT(*) AS tp_count FROM `ecm_cart` WHERE `user_id` = 110 AND `goods_id` = 1 LIMIT 1   [ RunTime:0.0000s ]
INFO: [ app_end ] --START--
INFO: Run Behavior\ShowPageTraceBehavior [ RunTime:0.001000s ]
INFO: [ app_end ] --END-- [ RunTime:0.001000s ]

[ 2016-11-28T15:00:53+08:00 ] 127.0.0.1 /myshop/index.php/Home/Detail/checkusers.html
INFO: [ app_begin ] --START--
INFO: Run Behavior\ReadHtmlCacheBehavior [ RunTime:0.000000s ]
INFO: [ app_begin ] --END-- [ RunTime:0.001000s ]
INFO: [ app_end ] --START--
INFO: Run Behavior\ShowPageTraceBehavior [ RunTime:0.000000s ]
INFO: [ app_end ] --END-- [ RunTime:0.001000s ]

[ 2016-11-28T15:00:53+08:00 ] 127.0.0.1 /myshop/index.php/Home/Detail/processaddcart.html
INFO: [ app_begin ] --START--
INFO: Run Behavior\ReadHtmlCacheBehavior [ RunTime:0.000000s ]
INFO: [ app_begin ] --END-- [ RunTime:0.001000s ]
SQL: SHOW COLUMNS FROM `ecm_cart` [ RunTime:0.0010s ]
SQL: SELECT COUNT(*) AS tp_count FROM `ecm_cart` WHERE `user_id` = 110 AND `goods_id` = 1 LIMIT 1   [ RunTime:0.0000s ]
INFO: [ app_end ] --START--
INFO: Run Behavior\ShowPageTraceBehavior [ RunTime:0.002001s ]
INFO: [ app_end ] --END-- [ RunTime:0.002001s ]

[ 2016-11-28T15:13:08+08:00 ] 127.0.0.1 /myshop/index.php/Home/Login/index.php?act=jslang
ERR: 非法操作:index.php

[ 2016-11-28T15:17:25+08:00 ] 127.0.0.1 /myshop/index.php/Home/Detail/checkusers.html
INFO: [ app_begin ] --START--
INFO: Run Behavior\ReadHtmlCacheBehavior [ RunTime:0.001000s ]
INFO: [ app_begin ] --END-- [ RunTime:0.002000s ]
INFO: [ app_end ] --START--
INFO: Run Behavior\ShowPageTraceBehavior [ RunTime:0.002001s ]
INFO: [ app_end ] --END-- [ RunTime:0.002001s ]

[ 2016-11-28T15:17:25+08:00 ] 127.0.0.1 /myshop/index.php/Home/Detail/processaddcart.html
INFO: [ app_begin ] --START--
INFO: Run Behavior\ReadHtmlCacheBehavior [ RunTime:0.001000s ]
INFO: [ app_begin ] --END-- [ RunTime:0.003000s ]
SQL: SHOW COLUMNS FROM `ecm_cart` [ RunTime:0.0010s ]
SQL: SELECT COUNT(*) AS tp_count FROM `ecm_cart` WHERE `user_id` = 110 AND `goods_id` = 1 LIMIT 1   [ RunTime:0.0010s ]
INFO: [ app_end ] --START--
INFO: Run Behavior\ShowPageTraceBehavior [ RunTime:0.001000s ]
INFO: [ app_end ] --END-- [ RunTime:0.001000s ]

[ 2016-11-28T15:18:25+08:00 ] 127.0.0.1 /myshop/index.php/Home/Login/index.php?act=jslang
ERR: 非法操作:index.php

[ 2016-11-28T15:18:49+08:00 ] 127.0.0.1 /myshop/index.php/Home/Detail/detail/goodsid/index.php?act=jslang
ERR: SQLSTATE[42S22]: Column not found: 1054 Unknown column 'index.php' in 'where clause'

[ 2016-11-28T15:18:55+08:00 ] 127.0.0.1 /myshop/index.php/Home/Detail/detail/goodsid/index.php?act=jslang
ERR: SQLSTATE[42S22]: Column not found: 1054 Unknown column 'index.php' in 'where clause'

[ 2016-11-28T15:22:51+08:00 ] 127.0.0.1 /myshop/index.php/Home/Detail/detail/goodsid/index.php?act=jslang
ERR: SQLSTATE[42S22]: Column not found: 1054 Unknown column 'index.php' in 'where clause'

[ 2016-11-28T15:23:27+08:00 ] 127.0.0.1 /myshop/index.php/Home/Detail/detail/goodsid/index.php?act=jslang
ERR: SQLSTATE[42S22]: Column not found: 1054 Unknown column 'index.php' in 'where clause'

[ 2016-11-28T15:33:31+08:00 ] 127.0.0.1 /myshop/index.php/Home/Detail/detail/goodsid/index.php?act=jslang
ERR: SQLSTATE[42S22]: Column not found: 1054 Unknown column 'index.php' in 'where clause'

[ 2016-11-28T15:34:04+08:00 ] 127.0.0.1 /myshop/index.php/Home/Detail/detail/
ERR: SQLSTATE[42000]: Syntax error or access violation: 1064 You have an error in your SQL syntax; check the manual that corresponds to your MySQL server version for the right syntax to use near ') LIMIT 1' at line 1

[ 2016-11-28T15:34:11+08:00 ] 127.0.0.1 /myshop/index.php/Home/Detail/detail
ERR: SQLSTATE[42000]: Syntax error or access violation: 1064 You have an error in your SQL syntax; check the manual that corresponds to your MySQL server version for the right syntax to use near ') LIMIT 1' at line 1

[ 2016-11-28T15:34:43+08:00 ] 127.0.0.1 /myshop/index.php/Home/Detail/detail/goodsid/index.php?act=jslang
ERR: SQLSTATE[42S22]: Column not found: 1054 Unknown column 'index.php' in 'where clause'

[ 2016-11-28T15:34:46+08:00 ] 127.0.0.1 /myshop/index.php/Home/Detail/detail/goodsid/index.php?act=jslang
ERR: SQLSTATE[42S22]: Column not found: 1054 Unknown column 'index.php' in 'where clause'

[ 2016-11-28T15:34:48+08:00 ] 127.0.0.1 /myshop/index.php/Home/Detail/processaddcart.html
INFO: [ app_begin ] --START--
INFO: Run Behavior\ReadHtmlCacheBehavior [ RunTime:0.001000s ]
INFO: [ app_begin ] --END-- [ RunTime:0.001000s ]
SQL: SHOW COLUMNS FROM `ecm_cart` [ RunTime:0.0010s ]
SQL: SELECT COUNT(*) AS tp_count FROM `ecm_cart` WHERE `user_id` = 110 AND `goods_id` = 2 LIMIT 1   [ RunTime:0.0000s ]
SQL: SHOW COLUMNS FROM `ecm_goods` [ RunTime:0.0010s ]
SQL: SELECT * FROM `ecm_goods` WHERE `goods_id` = 2 LIMIT 1   [ RunTime:0.0000s ]
SQL: INSERT INTO `ecm_cart` (`user_id`,`goods_id`,`goods_name`,`price`) VALUES ('110','2','袋装水果','100.00') [ RunTime:0.0010s ]
INFO: [ app_end ] --START--
INFO: Run Behavior\ShowPageTraceBehavior [ RunTime:0.001000s ]
INFO: [ app_end ] --END-- [ RunTime:0.001000s ]

[ 2016-11-28T15:35:04+08:00 ] 127.0.0.1 /myshop/index.php/Home/login/out?cateid=&goodsid=2
ERR: 非法操作:out

[ 2016-11-28T15:35:06+08:00 ] 127.0.0.1 /myshop/index.php/Home/Detail/detail/goodsid/index.php?act=jslang
ERR: SQLSTATE[42S22]: Column not found: 1054 Unknown column 'index.php' in 'where clause'

[ 2016-11-28T15:37:49+08:00 ] 127.0.0.1 /myshop/index.php/Home/login/out?cateid=&goodsid=2
ERR: 非法操作:out

[ 2016-11-28T15:37:51+08:00 ] 127.0.0.1 /myshop/index.php/Home/Detail/detail/goodsid/index.php?act=jslang
ERR: SQLSTATE[42S22]: Column not found: 1054 Unknown column 'index.php' in 'where clause'

[ 2016-11-28T15:40:11+08:00 ] 127.0.0.1 /myshop/index.php/Home/Detail/detail/goodsid/index.php?act=jslang
ERR: SQLSTATE[42S22]: Column not found: 1054 Unknown column 'index.php' in 'where clause'

[ 2016-11-28T15:40:15+08:00 ] 127.0.0.1 /myshop/index.php/Home/Detail/detail/goodsid/index.php?act=jslang
ERR: SQLSTATE[42S22]: Column not found: 1054 Unknown column 'index.php' in 'where clause'

[ 2016-11-28T15:41:13+08:00 ] 127.0.0.1 /myshop/index.php/Home/Detail/detail/goodsid/index.php?act=jslang
ERR: SQLSTATE[42S22]: Column not found: 1054 Unknown column 'index.php' in 'where clause'

[ 2016-11-28T15:43:16+08:00 ] 127.0.0.1 /myshop/index.php/Home/Detail/detail/goodsid/index.php?act=jslang
ERR: SQLSTATE[42S22]: Column not found: 1054 Unknown column 'index.php' in 'where clause'

[ 2016-11-28T15:44:05+08:00 ] 127.0.0.1 /myshop/index.php/Home/Detail/detail/goodsid/index.php?act=jslang
ERR: SQLSTATE[42S22]: Column not found: 1054 Unknown column 'index.php' in 'where clause'

[ 2016-11-28T15:50:20+08:00 ] 127.0.0.1 /myshop/index.php/Home/Detail/detail/goodsid/index.php?act=jslang
ERR: SQLSTATE[42S22]: Column not found: 1054 Unknown column 'index.php' in 'where clause'

[ 2016-11-28T15:50:22+08:00 ] 127.0.0.1 /myshop/index.php/Home/Detail/detail/goodsid/index.php?act=jslang
ERR: SQLSTATE[42S22]: Column not found: 1054 Unknown column 'index.php' in 'where clause'

[ 2016-11-28T16:23:12+08:00 ] 127.0.0.1 /myshop/index.php/Home/Detail/detail/goodsid/index.php?act=jslang
ERR: SQLSTATE[42S22]: Column not found: 1054 Unknown column 'index.php' in 'where clause'

[ 2016-11-28T16:23:34+08:00 ] 127.0.0.1 /myshop/index.php/Home/Login/index.php?act=jslang
ERR: 非法操作:index.php

[ 2016-11-28T16:23:42+08:00 ] 127.0.0.1 /myshop/index.php/Home/Register/index.php?act=jslang
ERR: 非法操作:index.php

[ 2016-11-28T16:23:45+08:00 ] 127.0.0.1 /myshop/index.php/Home/Memlogin/login
ERR: 无法加载控制器:Memlogin

[ 2016-11-28T16:23:47+08:00 ] 127.0.0.1 /myshop/index.php/Home/Register/index.php?act=jslang
ERR: 非法操作:index.php

[ 2016-11-28T16:25:05+08:00 ] 127.0.0.1 /myshop/index.php/Home/Memlogin/login
ERR: 无法加载控制器:Memlogin

[ 2016-11-28T16:25:07+08:00 ] 127.0.0.1 /myshop/index.php/Home/Register/index.php?act=jslang
ERR: 非法操作:index.php

[ 2016-11-28T16:25:07+08:00 ] 127.0.0.1 /myshop/index.php/Home/Login/index.php?act=jslang
ERR: 非法操作:index.php

[ 2016-11-28T16:25:09+08:00 ] 127.0.0.1 /myshop/index.php/Home/Login/index.php?app=member&act=login&ret_url=http%3A%2F%2Flocalhost%2Fjiuxian%2F
ERR: 非法操作:index.php

[ 2016-11-28T16:25:10+08:00 ] 127.0.0.1 /myshop/index.php/Home/Login/index.php?act=jslang
ERR: 非法操作:index.php

[ 2016-11-28T16:25:19+08:00 ] 127.0.0.1 /myshop/index.php/Home/Login/index.php?act=jslang
ERR: 非法操作:index.php

[ 2016-11-28T16:26:04+08:00 ] 127.0.0.1 /myshop/index.php/Home/Login/index.php?act=jslang
ERR: 非法操作:index.php

[ 2016-11-28T16:26:24+08:00 ] 127.0.0.1 /myshop/index.php/Home/Login/index.php?act=jslang
ERR: 非法操作:index.php

[ 2016-11-28T16:26:58+08:00 ] 127.0.0.1 /myshop/index.php/Home/Login/index.php?act=jslang
ERR: 非法操作:index.php

[ 2016-11-28T16:27:21+08:00 ] 127.0.0.1 /myshop/index.php/Home/Detail/detail/goodsid/index.php?act=jslang
ERR: SQLSTATE[42S22]: Column not found: 1054 Unknown column 'index.php' in 'where clause'

[ 2016-11-28T16:27:52+08:00 ] 127.0.0.1 /myshop/index.php/Home/Detail/checkusers.html
INFO: [ app_begin ] --START--
INFO: Run Behavior\ReadHtmlCacheBehavior [ RunTime:0.001001s ]
INFO: [ app_begin ] --END-- [ RunTime:0.001001s ]
INFO: [ app_end ] --START--
INFO: Run Behavior\ShowPageTraceBehavior [ RunTime:0.001000s ]
INFO: [ app_end ] --END-- [ RunTime:0.001000s ]

[ 2016-11-28T16:27:54+08:00 ] 127.0.0.1 /myshop/index.php/Home/Login/index.php?act=jslang
ERR: 非法操作:index.php

[ 2016-11-28T16:28:15+08:00 ] 127.0.0.1 /myshop/index.php/Home/Login/index.php?act=jslang
ERR: 非法操作:index.php

[ 2016-11-28T16:28:28+08:00 ] 127.0.0.1 /myshop/index.php/Home/Detail/detail/goodsid/index.php?act=jslang
ERR: SQLSTATE[42S22]: Column not found: 1054 Unknown column 'index.php' in 'where clause'

[ 2016-11-28T16:28:29+08:00 ] 127.0.0.1 /myshop/index.php/Home/Detail/processaddcart.html
INFO: [ app_begin ] --START--
INFO: Run Behavior\ReadHtmlCacheBehavior [ RunTime:0.001001s ]
INFO: [ app_begin ] --END-- [ RunTime:0.002001s ]
SQL: SHOW COLUMNS FROM `ecm_cart` [ RunTime:0.0010s ]
SQL: SELECT COUNT(*) AS tp_count FROM `ecm_cart` WHERE `session_id` = 'nb64hkfhnct0q53p1aejs5hmp0' AND `goods_id` = 2 LIMIT 1   [ RunTime:0.0000s ]
SQL: SHOW COLUMNS FROM `ecm_goods` [ RunTime:0.0010s ]
SQL: SELECT * FROM `ecm_goods` WHERE `goods_id` = 2 LIMIT 1   [ RunTime:0.0010s ]
SQL: INSERT INTO `ecm_cart` (`session_id`,`goods_id`,`goods_name`,`price`) VALUES ('nb64hkfhnct0q53p1aejs5hmp0','2','袋装水果','100.00') [ RunTime:0.0010s ]
INFO: [ app_end ] --START--
INFO: Run Behavior\ShowPageTraceBehavior [ RunTime:0.001000s ]
INFO: [ app_end ] --END-- [ RunTime:0.001000s ]

[ 2016-11-28T16:28:31+08:00 ] 127.0.0.1 /myshop/index.php/Home/Detail/checkusers.html
INFO: [ app_begin ] --START--
INFO: Run Behavior\ReadHtmlCacheBehavior [ RunTime:0.001000s ]
INFO: [ app_begin ] --END-- [ RunTime:0.001000s ]
INFO: [ app_end ] --START--
INFO: Run Behavior\ShowPageTraceBehavior [ RunTime:0.000000s ]
INFO: [ app_end ] --END-- [ RunTime:0.000000s ]

[ 2016-11-28T16:28:35+08:00 ] 127.0.0.1 /myshop/index.php/Home/Login/index.php?act=jslang
ERR: 非法操作:index.php

[ 2016-11-28T18:20:43+08:00 ] 127.0.0.1 /myshop/index.php/Home/Login/index.php?act=jslang
ERR: 非法操作:index.php

[ 2016-11-28T18:22:02+08:00 ] 127.0.0.1 /myshop/index.php/Home/Detail/detail/goodsid/index.php?act=jslang
ERR: SQLSTATE[42S22]: Column not found: 1054 Unknown column 'index.php' in 'where clause'

[ 2016-11-28T18:22:06+08:00 ] 127.0.0.1 /myshop/index.php/Home/Detail/checkusers.html
INFO: [ app_begin ] --START--
INFO: Run Behavior\ReadHtmlCacheBehavior [ RunTime:0.001000s ]
INFO: [ app_begin ] --END-- [ RunTime:0.001000s ]
INFO: [ app_end ] --START--
INFO: Run Behavior\ShowPageTraceBehavior [ RunTime:0.001000s ]
INFO: [ app_end ] --END-- [ RunTime:0.001000s ]

[ 2016-11-28T18:22:09+08:00 ] 127.0.0.1 /myshop/index.php/Home/Login/index.php?act=jslang
ERR: 非法操作:index.php

[ 2016-11-28T18:22:22+08:00 ] 127.0.0.1 /myshop/index.php/Home/Login/index.php?act=jslang
ERR: 非法操作:index.php

[ 2016-11-28T18:22:46+08:00 ] 127.0.0.1 /myshop/index.php/Home/Login/index.php?act=jslang
ERR: 非法操作:index.php

[ 2016-11-28T18:24:36+08:00 ] 127.0.0.1 /myshop/index.php/Home/Detail/detail/goodsid/index.php?act=jslang
ERR: SQLSTATE[42S22]: Column not found: 1054 Unknown column 'index.php' in 'where clause'

[ 2016-11-28T18:24:39+08:00 ] 127.0.0.1 /myshop/index.php/Home/Detail/checkusers.html
INFO: [ app_begin ] --START--
INFO: Run Behavior\ReadHtmlCacheBehavior [ RunTime:0.000000s ]
INFO: [ app_begin ] --END-- [ RunTime:0.001000s ]
INFO: [ app_end ] --START--
INFO: Run Behavior\ShowPageTraceBehavior [ RunTime:0.000000s ]
INFO: [ app_end ] --END-- [ RunTime:0.000000s ]

[ 2016-11-28T18:24:45+08:00 ] 127.0.0.1 /myshop/index.php/Home/Detail/checkusers.html
INFO: [ app_begin ] --START--
INFO: Run Behavior\ReadHtmlCacheBehavior [ RunTime:0.001000s ]
INFO: [ app_begin ] --END-- [ RunTime:0.002001s ]
INFO: [ app_end ] --START--
INFO: Run Behavior\ShowPageTraceBehavior [ RunTime:0.001000s ]
INFO: [ app_end ] --END-- [ RunTime:0.001000s ]

[ 2016-11-28T18:26:20+08:00 ] 127.0.0.1 /myshop/index.php/Home/Detail/checkusers.html
INFO: [ app_begin ] --START--
INFO: Run Behavior\ReadHtmlCacheBehavior [ RunTime:0.000000s ]
INFO: [ app_begin ] --END-- [ RunTime:0.001000s ]
INFO: [ app_end ] --START--
INFO: Run Behavior\ShowPageTraceBehavior [ RunTime:0.001000s ]
INFO: [ app_end ] --END-- [ RunTime:0.001000s ]

[ 2016-11-28T18:26:58+08:00 ] 127.0.0.1 /myshop/index.php/Home/Detail/checkusers.html
INFO: [ app_begin ] --START--
INFO: Run Behavior\ReadHtmlCacheBehavior [ RunTime:0.000000s ]
INFO: [ app_begin ] --END-- [ RunTime:0.001000s ]
INFO: [ app_end ] --START--
INFO: Run Behavior\ShowPageTraceBehavior [ RunTime:0.001000s ]
INFO: [ app_end ] --END-- [ RunTime:0.001000s ]

[ 2016-11-28T18:27:52+08:00 ] 127.0.0.1 /myshop/index.php/Home/Detail/detail/goodsid/index.php?act=jslang
ERR: SQLSTATE[42S22]: Column not found: 1054 Unknown column 'index.php' in 'where clause'

[ 2016-11-28T18:28:02+08:00 ] 127.0.0.1 /myshop/index.php/Home/Detail/detail/goodsid/index.php?act=jslang
ERR: SQLSTATE[42S22]: Column not found: 1054 Unknown column 'index.php' in 'where clause'

[ 2016-11-28T18:28:05+08:00 ] 127.0.0.1 /myshop/index.php/Home/Detail/checkusers.html
INFO: [ app_begin ] --START--
INFO: Run Behavior\ReadHtmlCacheBehavior [ RunTime:0.001000s ]
INFO: [ app_begin ] --END-- [ RunTime:0.001000s ]
INFO: [ app_end ] --START--
INFO: Run Behavior\ShowPageTraceBehavior [ RunTime:0.001000s ]
INFO: [ app_end ] --END-- [ RunTime:0.001000s ]

[ 2016-11-28T18:28:08+08:00 ] 127.0.0.1 /myshop/index.php/Home/Detail/checkusers.html
INFO: [ app_begin ] --START--
INFO: Run Behavior\ReadHtmlCacheBehavior [ RunTime:0.001000s ]
INFO: [ app_begin ] --END-- [ RunTime:0.002000s ]
INFO: [ app_end ] --START--
INFO: Run Behavior\ShowPageTraceBehavior [ RunTime:0.001000s ]
INFO: [ app_end ] --END-- [ RunTime:0.001000s ]

[ 2016-11-28T18:29:59+08:00 ] 127.0.0.1 /myshop/index.php/Home/Detail/checkusers.html
INFO: [ app_begin ] --START--
INFO: Run Behavior\ReadHtmlCacheBehavior [ RunTime:0.000000s ]
INFO: [ app_begin ] --END-- [ RunTime:0.001000s ]
INFO: [ app_end ] --START--
INFO: Run Behavior\ShowPageTraceBehavior [ RunTime:0.001000s ]
INFO: [ app_end ] --END-- [ RunTime:0.001000s ]

[ 2016-11-28T18:30:02+08:00 ] 127.0.0.1 /myshop/index.php/Home/Detail/checkusers.html
INFO: [ app_begin ] --START--
INFO: Run Behavior\ReadHtmlCacheBehavior [ RunTime:0.001000s ]
INFO: [ app_begin ] --END-- [ RunTime:0.001000s ]
INFO: [ app_end ] --START--
INFO: Run Behavior\ShowPageTraceBehavior [ RunTime:0.001000s ]
INFO: [ app_end ] --END-- [ RunTime:0.001000s ]

[ 2016-11-28T18:31:21+08:00 ] 127.0.0.1 /myshop/index.php/Home/Detail/checkusers.html
INFO: [ app_begin ] --START--
INFO: Run Behavior\ReadHtmlCacheBehavior [ RunTime:0.002000s ]
INFO: [ app_begin ] --END-- [ RunTime:0.003000s ]
INFO: [ app_end ] --START--
INFO: Run Behavior\ShowPageTraceBehavior [ RunTime:0.001000s ]
INFO: [ app_end ] --END-- [ RunTime:0.001000s ]

[ 2016-11-28T18:33:23+08:00 ] 127.0.0.1 /myshop/index.php/Home/Detail/checkusers.html
INFO: [ app_begin ] --START--
INFO: Run Behavior\ReadHtmlCacheBehavior [ RunTime:0.001000s ]
INFO: [ app_begin ] --END-- [ RunTime:0.002000s ]
INFO: [ app_end ] --START--
INFO: Run Behavior\ShowPageTraceBehavior [ RunTime:0.001000s ]
INFO: [ app_end ] --END-- [ RunTime:0.001000s ]

[ 2016-11-28T18:33:26+08:00 ] 127.0.0.1 /myshop/index.php/Home/Detail/checkusers.html
INFO: [ app_begin ] --START--
INFO: Run Behavior\ReadHtmlCacheBehavior [ RunTime:0.002000s ]
INFO: [ app_begin ] --END-- [ RunTime:0.003000s ]
INFO: [ app_end ] --START--
INFO: Run Behavior\ShowPageTraceBehavior [ RunTime:0.001000s ]
INFO: [ app_end ] --END-- [ RunTime:0.001000s ]

[ 2016-11-28T18:33:45+08:00 ] 127.0.0.1 /myshop/index.php/Home/Detail/detail/goodsid/index.php?act=jslang
ERR: SQLSTATE[42S22]: Column not found: 1054 Unknown column 'index.php' in 'where clause'

[ 2016-11-28T18:33:47+08:00 ] 127.0.0.1 /myshop/index.php/Home/Detail/checkusers.html
INFO: [ app_begin ] --START--
INFO: Run Behavior\ReadHtmlCacheBehavior [ RunTime:0.000000s ]
INFO: [ app_begin ] --END-- [ RunTime:0.001000s ]
NOTIC: [8] Undefined variable: uid D:\AppServ\www\myshop\Shops\Home\Controller\DetailController.class.php 第 118 行.
INFO: [ app_end ] --START--
INFO: Run Behavior\ShowPageTraceBehavior [ RunTime:0.001000s ]
INFO: [ app_end ] --END-- [ RunTime:0.001000s ]

[ 2016-11-28T18:34:49+08:00 ] 127.0.0.1 /myshop/index.php/Home/Detail/detail/goodsid/index.php?act=jslang
ERR: SQLSTATE[42S22]: Column not found: 1054 Unknown column 'index.php' in 'where clause'

[ 2016-11-28T18:34:52+08:00 ] 127.0.0.1 /myshop/index.php/Home/Detail/checkusers.html
INFO: [ app_begin ] --START--
INFO: Run Behavior\ReadHtmlCacheBehavior [ RunTime:0.001000s ]
INFO: [ app_begin ] --END-- [ RunTime:0.002000s ]
INFO: [ app_end ] --START--
INFO: Run Behavior\ShowPageTraceBehavior [ RunTime:0.001000s ]
INFO: [ app_end ] --END-- [ RunTime:0.001000s ]

[ 2016-11-28T18:37:31+08:00 ] 127.0.0.1 /myshop/index.php/Home/Login/index.php?act=jslang
ERR: 非法操作:index.php

[ 2016-11-28T18:37:52+08:00 ] 127.0.0.1 /myshop/index.php/Home/Login/index.php?act=jslang
ERR: 非法操作:index.php

[ 2016-11-28T18:37:56+08:00 ] 127.0.0.1 /myshop/index.php/Home/Login/index.php?act=jslang
ERR: 非法操作:index.php

[ 2016-11-28T18:38:57+08:00 ] 127.0.0.1 /myshop/index.php/Home/Login/index.php?act=jslang
ERR: 非法操作:index.php

[ 2016-11-28T18:39:26+08:00 ] 127.0.0.1 /myshop/index.php/Home/Login/index.php?act=jslang
ERR: 非法操作:index.php

[ 2016-11-28T18:42:48+08:00 ] 127.0.0.1 /myshop/index.php/Home/Login/index.php?act=jslang
ERR: 非法操作:index.php

[ 2016-11-28T18:43:27+08:00 ] 127.0.0.1 /myshop/index.php/Home/Detail/detail/goodsid/index.php?act=jslang
ERR: SQLSTATE[42S22]: Column not found: 1054 Unknown column 'index.php' in 'where clause'

[ 2016-11-28T18:43:32+08:00 ] 127.0.0.1 /myshop/index.php/Home/Detail/checkusers.html
INFO: [ app_begin ] --START--
INFO: Run Behavior\ReadHtmlCacheBehavior [ RunTime:0.001000s ]
INFO: [ app_begin ] --END-- [ RunTime:0.002000s ]
INFO: [ app_end ] --START--
INFO: Run Behavior\ShowPageTraceBehavior [ RunTime:0.001000s ]
INFO: [ app_end ] --END-- [ RunTime:0.002000s ]

[ 2016-11-28T18:43:40+08:00 ] 127.0.0.1 /myshop/index.php/Home/Detail/checkusers.html
INFO: [ app_begin ] --START--
INFO: Run Behavior\ReadHtmlCacheBehavior [ RunTime:0.001000s ]
INFO: [ app_begin ] --END-- [ RunTime:0.001000s ]
INFO: [ app_end ] --START--
INFO: Run Behavior\ShowPageTraceBehavior [ RunTime:0.001000s ]
INFO: [ app_end ] --END-- [ RunTime:0.001000s ]

[ 2016-11-28T18:44:21+08:00 ] 127.0.0.1 /myshop/index.php/Home/Detail/checkusers.html
INFO: [ app_begin ] --START--
INFO: Run Behavior\ReadHtmlCacheBehavior [ RunTime:0.001000s ]
INFO: [ app_begin ] --END-- [ RunTime:0.001000s ]
INFO: [ app_end ] --START--
INFO: Run Behavior\ShowPageTraceBehavior [ RunTime:0.001000s ]
INFO: [ app_end ] --END-- [ RunTime:0.001000s ]

[ 2016-11-28T18:52:45+08:00 ] 127.0.0.1 /myshop/index.php/Home/MemOrder/index.php?act=jslang
ERR: 非法操作:index.php

[ 2016-11-28T18:52:45+08:00 ] 127.0.0.1 /myshop/index.php/Home/MemOrder/index.php?act=jslang
ERR: 非法操作:index.php

[ 2016-11-28T18:53:39+08:00 ] 127.0.0.1 /myshop/index.php/Home/Cart/index.php?act=jslang
ERR: 非法操作:index.php

[ 2016-11-28T18:53:39+08:00 ] 127.0.0.1 /myshop/index.php/Home/Cart/js/dialog/dialog.js
ERR: 非法操作:js

[ 2016-11-28T18:53:39+08:00 ] 127.0.0.1 /myshop/index.php/Home/Cart/js/jquery.plugins/jquery.validate.js
ERR: 非法操作:js

[ 2016-11-28T18:53:39+08:00 ] 127.0.0.1 /myshop/index.php/Home/Cart/js/jquery.ui/jquery.ui.js
ERR: 非法操作:js

[ 2016-11-28T18:53:39+08:00 ] 127.0.0.1 /myshop/index.php/Home/Cart/js/mlselection.js
ERR: 非法操作:js

[ 2016-11-28T18:53:39+08:00 ] 127.0.0.1 /myshop/index.php/Home/Cart/js/jquery.plugins/jquery.validate.js
ERR: 非法操作:js

[ 2016-11-28T18:53:39+08:00 ] 127.0.0.1 /myshop/index.php/Home/Cart/js/dialog/dialog.js
ERR: 非法操作:js

[ 2016-11-28T18:53:39+08:00 ] 127.0.0.1 /myshop/index.php/Home/Cart/js/jquery.ui/jquery.ui.js
ERR: 非法操作:js

[ 2016-11-28T18:54:46+08:00 ] 127.0.0.1 /myshop/index.php/Home/Detail/checkusers.html
INFO: [ app_begin ] --START--
INFO: Run Behavior\ReadHtmlCacheBehavior [ RunTime:0.001000s ]
INFO: [ app_begin ] --END-- [ RunTime:0.001000s ]
INFO: [ app_end ] --START--
INFO: Run Behavior\ShowPageTraceBehavior [ RunTime:0.001000s ]
INFO: [ app_end ] --END-- [ RunTime:0.001000s ]

[ 2016-11-28T18:55:12+08:00 ] 127.0.0.1 /myshop/index.php/Home/Detail/checkusers.html
INFO: [ app_begin ] --START--
INFO: Run Behavior\ReadHtmlCacheBehavior [ RunTime:0.001000s ]
INFO: [ app_begin ] --END-- [ RunTime:0.002000s ]
INFO: [ app_end ] --START--
INFO: Run Behavior\ShowPageTraceBehavior [ RunTime:0.000000s ]
INFO: [ app_end ] --END-- [ RunTime:0.001000s ]

[ 2016-11-28T18:55:29+08:00 ] 127.0.0.1 /myshop/index.php/Home/Detail/detail/goodsid/index.php?act=jslang
ERR: SQLSTATE[42S22]: Column not found: 1054 Unknown column 'index.php' in 'where clause'

[ 2016-11-28T18:55:33+08:00 ] 127.0.0.1 /myshop/index.php/Home/Detail/checkusers.html
INFO: [ app_begin ] --START--
INFO: Run Behavior\ReadHtmlCacheBehavior [ RunTime:0.001000s ]
INFO: [ app_begin ] --END-- [ RunTime:0.002000s ]
INFO: [ app_end ] --START--
INFO: Run Behavior\ShowPageTraceBehavior [ RunTime:0.000000s ]
INFO: [ app_end ] --END-- [ RunTime:0.000000s ]

[ 2016-11-28T18:55:33+08:00 ] 127.0.0.1 /myshop/index.php/Home/Detail/goshoping.html
INFO: [ app_begin ] --START--
INFO: Run Behavior\ReadHtmlCacheBehavior [ RunTime:0.001000s ]
INFO: [ app_begin ] --END-- [ RunTime:0.001000s ]
INFO: [ app_end ] --START--
INFO: Run Behavior\ShowPageTraceBehavior [ RunTime:0.001000s ]
INFO: [ app_end ] --END-- [ RunTime:0.001000s ]

[ 2016-11-28T18:55:34+08:00 ] 127.0.0.1 /myshop/index.php/Home/Detail/checkusers.html
INFO: [ app_begin ] --START--
INFO: Run Behavior\ReadHtmlCacheBehavior [ RunTime:0.001000s ]
INFO: [ app_begin ] --END-- [ RunTime:0.002000s ]
INFO: [ app_end ] --START--
INFO: Run Behavior\ShowPageTraceBehavior [ RunTime:0.001000s ]
INFO: [ app_end ] --END-- [ RunTime:0.001000s ]

[ 2016-11-28T18:55:34+08:00 ] 127.0.0.1 /myshop/index.php/Home/Detail/goshoping.html
INFO: [ app_begin ] --START--
INFO: Run Behavior\ReadHtmlCacheBehavior [ RunTime:0.001000s ]
INFO: [ app_begin ] --END-- [ RunTime:0.001000s ]
INFO: [ app_end ] --START--
INFO: Run Behavior\ShowPageTraceBehavior [ RunTime:0.001001s ]
INFO: [ app_end ] --END-- [ RunTime:0.001001s ]

[ 2016-11-28T18:55:35+08:00 ] 127.0.0.1 /myshop/index.php/Home/Detail/checkusers.html
INFO: [ app_begin ] --START--
INFO: Run Behavior\ReadHtmlCacheBehavior [ RunTime:0.001001s ]
INFO: [ app_begin ] --END-- [ RunTime:0.002001s ]
INFO: [ app_end ] --START--
INFO: Run Behavior\ShowPageTraceBehavior [ RunTime:0.001000s ]
INFO: [ app_end ] --END-- [ RunTime:0.002000s ]

[ 2016-11-28T18:55:35+08:00 ] 127.0.0.1 /myshop/index.php/Home/Detail/goshoping.html
INFO: [ app_begin ] --START--
INFO: Run Behavior\ReadHtmlCacheBehavior [ RunTime:0.000000s ]
INFO: [ app_begin ] --END-- [ RunTime:0.001000s ]
INFO: [ app_end ] --START--
INFO: Run Behavior\ShowPageTraceBehavior [ RunTime:0.001000s ]
INFO: [ app_end ] --END-- [ RunTime:0.001000s ]

[ 2016-11-28T18:55:35+08:00 ] 127.0.0.1 /myshop/index.php/Home/Detail/checkusers.html
INFO: [ app_begin ] --START--
INFO: Run Behavior\ReadHtmlCacheBehavior [ RunTime:0.001000s ]
INFO: [ app_begin ] --END-- [ RunTime:0.002000s ]
INFO: [ app_end ] --START--
INFO: Run Behavior\ShowPageTraceBehavior [ RunTime:0.001000s ]
INFO: [ app_end ] --END-- [ RunTime:0.002000s ]

[ 2016-11-28T18:55:35+08:00 ] 127.0.0.1 /myshop/index.php/Home/Detail/goshoping.html
INFO: [ app_begin ] --START--
INFO: Run Behavior\ReadHtmlCacheBehavior [ RunTime:0.001000s ]
INFO: [ app_begin ] --END-- [ RunTime:0.001000s ]
INFO: [ app_end ] --START--
INFO: Run Behavior\ShowPageTraceBehavior [ RunTime:0.000000s ]
INFO: [ app_end ] --END-- [ RunTime:0.001000s ]

[ 2016-11-28T18:55:35+08:00 ] 127.0.0.1 /myshop/index.php/Home/Detail/checkusers.html
INFO: [ app_begin ] --START--
INFO: Run Behavior\ReadHtmlCacheBehavior [ RunTime:0.001000s ]
INFO: [ app_begin ] --END-- [ RunTime:0.002000s ]
INFO: [ app_end ] --START--
INFO: Run Behavior\ShowPageTraceBehavior [ RunTime:0.001000s ]
INFO: [ app_end ] --END-- [ RunTime:0.001000s ]

[ 2016-11-28T18:55:35+08:00 ] 127.0.0.1 /myshop/index.php/Home/Detail/goshoping.html
INFO: [ app_begin ] --START--
INFO: Run Behavior\ReadHtmlCacheBehavior [ RunTime:0.001000s ]
INFO: [ app_begin ] --END-- [ RunTime:0.001000s ]
INFO: [ app_end ] --START--
INFO: Run Behavior\ShowPageTraceBehavior [ RunTime:0.000000s ]
INFO: [ app_end ] --END-- [ RunTime:0.000000s ]

[ 2016-11-28T18:55:35+08:00 ] 127.0.0.1 /myshop/index.php/Home/Detail/checkusers.html
INFO: [ app_begin ] --START--
INFO: Run Behavior\ReadHtmlCacheBehavior [ RunTime:0.001000s ]
INFO: [ app_begin ] --END-- [ RunTime:0.002000s ]
INFO: [ app_end ] --START--
INFO: Run Behavior\ShowPageTraceBehavior [ RunTime:0.001000s ]
INFO: [ app_end ] --END-- [ RunTime:0.001000s ]

[ 2016-11-28T18:55:35+08:00 ] 127.0.0.1 /myshop/index.php/Home/Detail/goshoping.html
INFO: [ app_begin ] --START--
INFO: Run Behavior\ReadHtmlCacheBehavior [ RunTime:0.001000s ]
INFO: [ app_begin ] --END-- [ RunTime:0.002000s ]
INFO: [ app_end ] --START--
INFO: Run Behavior\ShowPageTraceBehavior [ RunTime:0.001000s ]
INFO: [ app_end ] --END-- [ RunTime:0.001000s ]

[ 2016-11-28T18:55:35+08:00 ] 127.0.0.1 /myshop/index.php/Home/Detail/checkusers.html
INFO: [ app_begin ] --START--
INFO: Run Behavior\ReadHtmlCacheBehavior [ RunTime:0.002000s ]
INFO: [ app_begin ] --END-- [ RunTime:0.002000s ]
INFO: [ app_end ] --START--
INFO: Run Behavior\ShowPageTraceBehavior [ RunTime:0.001001s ]
INFO: [ app_end ] --END-- [ RunTime:0.001001s ]

[ 2016-11-28T18:55:35+08:00 ] 127.0.0.1 /myshop/index.php/Home/Detail/goshoping.html
INFO: [ app_begin ] --START--
INFO: Run Behavior\ReadHtmlCacheBehavior [ RunTime:0.001000s ]
INFO: [ app_begin ] --END-- [ RunTime:0.001000s ]
INFO: [ app_end ] --START--
INFO: Run Behavior\ShowPageTraceBehavior [ RunTime:0.001000s ]
INFO: [ app_end ] --END-- [ RunTime:0.001000s ]

[ 2016-11-28T18:55:36+08:00 ] 127.0.0.1 /myshop/index.php/Home/Detail/checkusers.html
INFO: [ app_begin ] --START--
INFO: Run Behavior\ReadHtmlCacheBehavior [ RunTime:0.001000s ]
INFO: [ app_begin ] --END-- [ RunTime:0.002000s ]
INFO: [ app_end ] --START--
INFO: Run Behavior\ShowPageTraceBehavior [ RunTime:0.001000s ]
INFO: [ app_end ] --END-- [ RunTime:0.001000s ]

[ 2016-11-28T18:55:36+08:00 ] 127.0.0.1 /myshop/index.php/Home/Detail/goshoping.html
INFO: [ app_begin ] --START--
INFO: Run Behavior\ReadHtmlCacheBehavior [ RunTime:0.001000s ]
INFO: [ app_begin ] --END-- [ RunTime:0.001000s ]
INFO: [ app_end ] --START--
INFO: Run Behavior\ShowPageTraceBehavior [ RunTime:0.001000s ]
INFO: [ app_end ] --END-- [ RunTime:0.001000s ]

[ 2016-11-28T18:55:38+08:00 ] 127.0.0.1 /myshop/index.php/Home/Detail/checkusers.html
INFO: [ app_begin ] --START--
INFO: Run Behavior\ReadHtmlCacheBehavior [ RunTime:0.001001s ]
INFO: [ app_begin ] --END-- [ RunTime:0.002001s ]
INFO: [ app_end ] --START--
INFO: Run Behavior\ShowPageTraceBehavior [ RunTime:0.001000s ]
INFO: [ app_end ] --END-- [ RunTime:0.001000s ]

[ 2016-11-28T18:55:38+08:00 ] 127.0.0.1 /myshop/index.php/Home/Detail/goshoping.html
INFO: [ app_begin ] --START--
INFO: Run Behavior\ReadHtmlCacheBehavior [ RunTime:0.001000s ]
INFO: [ app_begin ] --END-- [ RunTime:0.001000s ]
INFO: [ app_end ] --START--
INFO: Run Behavior\ShowPageTraceBehavior [ RunTime:0.001000s ]
INFO: [ app_end ] --END-- [ RunTime:0.001000s ]

[ 2016-11-28T18:55:40+08:00 ] 127.0.0.1 /myshop/index.php/Home/Detail/checkusers.html
INFO: [ app_begin ] --START--
INFO: Run Behavior\ReadHtmlCacheBehavior [ RunTime:0.000000s ]
INFO: [ app_begin ] --END-- [ RunTime:0.001000s ]
INFO: [ app_end ] --START--
INFO: Run Behavior\ShowPageTraceBehavior [ RunTime:0.001000s ]
INFO: [ app_end ] --END-- [ RunTime:0.001000s ]

[ 2016-11-28T18:55:40+08:00 ] 127.0.0.1 /myshop/index.php/Home/Detail/goshoping.html
INFO: [ app_begin ] --START--
INFO: Run Behavior\ReadHtmlCacheBehavior [ RunTime:0.000000s ]
INFO: [ app_begin ] --END-- [ RunTime:0.001000s ]
INFO: [ app_end ] --START--
INFO: Run Behavior\ShowPageTraceBehavior [ RunTime:0.000000s ]
INFO: [ app_end ] --END-- [ RunTime:0.000000s ]

[ 2016-11-28T18:55:40+08:00 ] 127.0.0.1 /myshop/index.php/Home/Detail/checkusers.html
INFO: [ app_begin ] --START--
INFO: Run Behavior\ReadHtmlCacheBehavior [ RunTime:0.001000s ]
INFO: [ app_begin ] --END-- [ RunTime:0.002000s ]
INFO: [ app_end ] --START--
INFO: Run Behavior\ShowPageTraceBehavior [ RunTime:0.002000s ]
INFO: [ app_end ] --END-- [ RunTime:0.002000s ]

[ 2016-11-28T18:55:40+08:00 ] 127.0.0.1 /myshop/index.php/Home/Detail/goshoping.html
INFO: [ app_begin ] --START--
INFO: Run Behavior\ReadHtmlCacheBehavior [ RunTime:0.000000s ]
INFO: [ app_begin ] --END-- [ RunTime:0.001000s ]
INFO: [ app_end ] --START--
INFO: Run Behavior\ShowPageTraceBehavior [ RunTime:0.001000s ]
INFO: [ app_end ] --END-- [ RunTime:0.001000s ]

[ 2016-11-28T18:55:41+08:00 ] 127.0.0.1 /myshop/index.php/Home/Detail/checkusers.html
INFO: [ app_begin ] --START--
INFO: Run Behavior\ReadHtmlCacheBehavior [ RunTime:0.001001s ]
INFO: [ app_begin ] --END-- [ RunTime:0.002001s ]
INFO: [ app_end ] --START--
INFO: Run Behavior\ShowPageTraceBehavior [ RunTime:0.001000s ]
INFO: [ app_end ] --END-- [ RunTime:0.001000s ]

[ 2016-11-28T18:55:41+08:00 ] 127.0.0.1 /myshop/index.php/Home/Detail/goshoping.html
INFO: [ app_begin ] --START--
INFO: Run Behavior\ReadHtmlCacheBehavior [ RunTime:0.001000s ]
INFO: [ app_begin ] --END-- [ RunTime:0.001000s ]
INFO: [ app_end ] --START--
INFO: Run Behavior\ShowPageTraceBehavior [ RunTime:0.001000s ]
INFO: [ app_end ] --END-- [ RunTime:0.001000s ]

[ 2016-11-28T18:55:41+08:00 ] 127.0.0.1 /myshop/index.php/Home/Detail/checkusers.html
INFO: [ app_begin ] --START--
INFO: Run Behavior\ReadHtmlCacheBehavior [ RunTime:0.001000s ]
INFO: [ app_begin ] --END-- [ RunTime:0.001000s ]
INFO: [ app_end ] --START--
INFO: Run Behavior\ShowPageTraceBehavior [ RunTime:0.001000s ]
INFO: [ app_end ] --END-- [ RunTime:0.001000s ]

[ 2016-11-28T18:55:41+08:00 ] 127.0.0.1 /myshop/index.php/Home/Detail/goshoping.html
INFO: [ app_begin ] --START--
INFO: Run Behavior\ReadHtmlCacheBehavior [ RunTime:0.000000s ]
INFO: [ app_begin ] --END-- [ RunTime:0.001000s ]
INFO: [ app_end ] --START--
INFO: Run Behavior\ShowPageTraceBehavior [ RunTime:0.000000s ]
INFO: [ app_end ] --END-- [ RunTime:0.000000s ]

[ 2016-11-28T18:55:43+08:00 ] 127.0.0.1 /myshop/index.php/Home/Detail/processaddcart.html
INFO: [ app_begin ] --START--
INFO: Run Behavior\ReadHtmlCacheBehavior [ RunTime:0.001000s ]
INFO: [ app_begin ] --END-- [ RunTime:0.002000s ]
SQL: SHOW COLUMNS FROM `ecm_cart` [ RunTime:0.0010s ]
SQL: SELECT COUNT(*) AS tp_count FROM `ecm_cart` WHERE `user_id` = 1 AND `goods_id` = 1 LIMIT 1   [ RunTime:0.0010s ]
SQL: SHOW COLUMNS FROM `ecm_goods` [ RunTime:0.0020s ]
SQL: SELECT * FROM `ecm_goods` WHERE `goods_id` = 1 LIMIT 1   [ RunTime:0.0010s ]
SQL: INSERT INTO `ecm_cart` (`user_id`,`goods_id`,`goods_name`,`price`) VALUES ('1','1','合家欢 新鲜西红柿 酸酸甜甜 凌晨采购 全程冷链','8.00') [ RunTime:0.0000s ]
INFO: [ app_end ] --START--
INFO: Run Behavior\ShowPageTraceBehavior [ RunTime:0.001001s ]
INFO: [ app_end ] --END-- [ RunTime:0.001001s ]

[ 2016-11-28T18:55:45+08:00 ] 127.0.0.1 /myshop/index.php/Home/Detail/processaddcart.html
INFO: [ app_begin ] --START--
INFO: Run Behavior\ReadHtmlCacheBehavior [ RunTime:0.001000s ]
INFO: [ app_begin ] --END-- [ RunTime:0.002000s ]
SQL: SHOW COLUMNS FROM `ecm_cart` [ RunTime:0.0010s ]
SQL: SELECT COUNT(*) AS tp_count FROM `ecm_cart` WHERE `user_id` = 1 AND `goods_id` = 1 LIMIT 1   [ RunTime:0.0010s ]
INFO: [ app_end ] --START--
INFO: Run Behavior\ShowPageTraceBehavior [ RunTime:0.001000s ]
INFO: [ app_end ] --END-- [ RunTime:0.001000s ]

[ 2016-11-28T18:55:46+08:00 ] 127.0.0.1 /myshop/index.php/Home/Detail/checkusers.html
INFO: [ app_begin ] --START--
INFO: Run Behavior\ReadHtmlCacheBehavior [ RunTime:0.001000s ]
INFO: [ app_begin ] --END-- [ RunTime:0.001000s ]
INFO: [ app_end ] --START--
INFO: Run Behavior\ShowPageTraceBehavior [ RunTime:0.001000s ]
INFO: [ app_end ] --END-- [ RunTime:0.001000s ]

[ 2016-11-28T18:55:46+08:00 ] 127.0.0.1 /myshop/index.php/Home/Detail/goshoping.html
INFO: [ app_begin ] --START--
INFO: Run Behavior\ReadHtmlCacheBehavior [ RunTime:0.000000s ]
INFO: [ app_begin ] --END-- [ RunTime:0.001000s ]
INFO: [ app_end ] --START--
INFO: Run Behavior\ShowPageTraceBehavior [ RunTime:0.001000s ]
INFO: [ app_end ] --END-- [ RunTime:0.001000s ]

[ 2016-11-28T18:55:47+08:00 ] 127.0.0.1 /myshop/index.php/Home/Detail/checkusers.html
INFO: [ app_begin ] --START--
INFO: Run Behavior\ReadHtmlCacheBehavior [ RunTime:0.001000s ]
INFO: [ app_begin ] --END-- [ RunTime:0.001000s ]
INFO: [ app_end ] --START--
INFO: Run Behavior\ShowPageTraceBehavior [ RunTime:0.000000s ]
INFO: [ app_end ] --END-- [ RunTime:0.001000s ]

[ 2016-11-28T18:55:47+08:00 ] 127.0.0.1 /myshop/index.php/Home/Detail/goshoping.html
INFO: [ app_begin ] --START--
INFO: Run Behavior\ReadHtmlCacheBehavior [ RunTime:0.000000s ]
INFO: [ app_begin ] --END-- [ RunTime:0.001000s ]
INFO: [ app_end ] --START--
INFO: Run Behavior\ShowPageTraceBehavior [ RunTime:0.001000s ]
INFO: [ app_end ] --END-- [ RunTime:0.001000s ]

[ 2016-11-28T18:55:47+08:00 ] 127.0.0.1 /myshop/index.php/Home/Detail/checkusers.html
INFO: [ app_begin ] --START--
INFO: Run Behavior\ReadHtmlCacheBehavior [ RunTime:0.001000s ]
INFO: [ app_begin ] --END-- [ RunTime:0.001000s ]
INFO: [ app_end ] --START--
INFO: Run Behavior\ShowPageTraceBehavior [ RunTime:0.001000s ]
INFO: [ app_end ] --END-- [ RunTime:0.001000s ]

[ 2016-11-28T18:55:47+08:00 ] 127.0.0.1 /myshop/index.php/Home/Detail/goshoping.html
INFO: [ app_begin ] --START--
INFO: Run Behavior\ReadHtmlCacheBehavior [ RunTime:0.001000s ]
INFO: [ app_begin ] --END-- [ RunTime:0.001000s ]
INFO: [ app_end ] --START--
INFO: Run Behavior\ShowPageTraceBehavior [ RunTime:0.001000s ]
INFO: [ app_end ] --END-- [ RunTime:0.001000s ]

[ 2016-11-28T18:55:47+08:00 ] 127.0.0.1 /myshop/index.php/Home/Detail/checkusers.html
INFO: [ app_begin ] --START--
INFO: Run Behavior\ReadHtmlCacheBehavior [ RunTime:0.000000s ]
INFO: [ app_begin ] --END-- [ RunTime:0.002000s ]
INFO: [ app_end ] --START--
INFO: Run Behavior\ShowPageTraceBehavior [ RunTime:0.001000s ]
INFO: [ app_end ] --END-- [ RunTime:0.001000s ]

[ 2016-11-28T18:55:47+08:00 ] 127.0.0.1 /myshop/index.php/Home/Detail/goshoping.html
INFO: [ app_begin ] --START--
INFO: Run Behavior\ReadHtmlCacheBehavior [ RunTime:0.001000s ]
INFO: [ app_begin ] --END-- [ RunTime:0.001000s ]
INFO: [ app_end ] --START--
INFO: Run Behavior\ShowPageTraceBehavior [ RunTime:0.001000s ]
INFO: [ app_end ] --END-- [ RunTime:0.001000s ]

[ 2016-11-28T18:55:48+08:00 ] 127.0.0.1 /myshop/index.php/Home/Detail/checkusers.html
INFO: [ app_begin ] --START--
INFO: Run Behavior\ReadHtmlCacheBehavior [ RunTime:0.001000s ]
INFO: [ app_begin ] --END-- [ RunTime:0.002000s ]
INFO: [ app_end ] --START--
INFO: Run Behavior\ShowPageTraceBehavior [ RunTime:0.001000s ]
INFO: [ app_end ] --END-- [ RunTime:0.001000s ]

[ 2016-11-28T18:55:48+08:00 ] 127.0.0.1 /myshop/index.php/Home/Detail/goshoping.html
INFO: [ app_begin ] --START--
INFO: Run Behavior\ReadHtmlCacheBehavior [ RunTime:0.001000s ]
INFO: [ app_begin ] --END-- [ RunTime:0.001000s ]
INFO: [ app_end ] --START--
INFO: Run Behavior\ShowPageTraceBehavior [ RunTime:0.001000s ]
INFO: [ app_end ] --END-- [ RunTime:0.001000s ]

[ 2016-11-28T18:57:15+08:00 ] 127.0.0.1 /myshop/index.php/Home/Detail/favorite
INFO: [ app_begin ] --START--
INFO: Run Behavior\ReadHtmlCacheBehavior [ RunTime:0.000000s ]
INFO: [ app_begin ] --END-- [ RunTime:0.001000s ]
INFO: [ app_end ] --START--
INFO: Run Behavior\ShowPageTraceBehavior [ RunTime:0.001000s ]
INFO: [ app_end ] --END-- [ RunTime:0.001000s ]

[ 2016-11-28T18:57:16+08:00 ] 127.0.0.1 /myshop/index.php/Home/Memlogin/login/goodsid/1
ERR: 无法加载控制器:Memlogin

[ 2016-11-28T18:57:18+08:00 ] 127.0.0.1 /myshop/index.php/Home/Detail/detail/goodsid/index.php?act=jslang
ERR: SQLSTATE[42S22]: Column not found: 1054 Unknown column 'index.php' in 'where clause'

[ 2016-11-28T18:58:22+08:00 ] 127.0.0.1 /myshop/index.php/Home/Detail/favorite
INFO: [ app_begin ] --START--
INFO: Run Behavior\ReadHtmlCacheBehavior [ RunTime:0.000000s ]
INFO: [ app_begin ] --END-- [ RunTime:0.001000s ]
SQL: SHOW COLUMNS FROM `ecm_collect` [ RunTime:0.0020s ]
SQL: SELECT COUNT(*) AS tp_count FROM `ecm_collect` WHERE ( user_id=110 ) LIMIT 1   [ RunTime:0.0010s ]
SQL: SELECT COUNT(*) AS tp_count FROM `ecm_collect` WHERE ( item_id=1 and user_id=110 ) LIMIT 1   [ RunTime:0.0000s ]
SQL: INSERT INTO `ecm_collect` (`user_id`,`item_id`,`add_time`) VALUES ('110','1','1480330702') [ RunTime:0.0010s ]
SQL: SHOW COLUMNS FROM `ecm_goods_statistics` [ RunTime:0.0010s ]
SQL: SELECT COUNT(*) AS tp_count FROM `ecm_goods_statistics` WHERE ( goods_id=1 ) LIMIT 1   [ RunTime:0.0010s ]
SQL: UPDATE `ecm_goods_statistics` SET `collects`=collects+1 WHERE ( goods_id=1 ) [ RunTime:0.0000s ]
INFO: [ app_end ] --START--
INFO: Run Behavior\ShowPageTraceBehavior [ RunTime:0.000000s ]
INFO: [ app_end ] --END-- [ RunTime:0.000000s ]

[ 2016-11-28T18:58:22+08:00 ] 127.0.0.1 /myshop/index.php/Home/Detail/detail/goodsid/index.php?act=jslang
ERR: SQLSTATE[42S22]: Column not found: 1054 Unknown column 'index.php' in 'where clause'

[ 2016-11-28T18:58:25+08:00 ] 127.0.0.1 /myshop/index.php/Home/Detail/detail/goodsid/index.php?act=jslang
ERR: SQLSTATE[42S22]: Column not found: 1054 Unknown column 'index.php' in 'where clause'

[ 2016-11-28T18:58:28+08:00 ] 127.0.0.1 /myshop/index.php/Home/Detail/processaddcart.html
INFO: [ app_begin ] --START--
INFO: Run Behavior\ReadHtmlCacheBehavior [ RunTime:0.001000s ]
INFO: [ app_begin ] --END-- [ RunTime:0.001000s ]
SQL: SHOW COLUMNS FROM `ecm_cart` [ RunTime:0.0010s ]
SQL: SELECT COUNT(*) AS tp_count FROM `ecm_cart` WHERE `user_id` = 1 AND `goods_id` = 1 LIMIT 1   [ RunTime:0.0000s ]
INFO: [ app_end ] --START--
INFO: Run Behavior\ShowPageTraceBehavior [ RunTime:0.001000s ]
INFO: [ app_end ] --END-- [ RunTime:0.001000s ]

[ 2016-11-28T18:58:31+08:00 ] 127.0.0.1 /myshop/index.php/Home/Detail/favorite
INFO: [ app_begin ] --START--
INFO: Run Behavior\ReadHtmlCacheBehavior [ RunTime:0.000000s ]
INFO: [ app_begin ] --END-- [ RunTime:0.002000s ]
SQL: SHOW COLUMNS FROM `ecm_collect` [ RunTime:0.0010s ]
SQL: SELECT COUNT(*) AS tp_count FROM `ecm_collect` WHERE ( user_id=110 ) LIMIT 1   [ RunTime:0.0010s ]
SQL: SELECT COUNT(*) AS tp_count FROM `ecm_collect` WHERE ( item_id=1 and user_id=110 ) LIMIT 1   [ RunTime:0.0000s ]
INFO: [ app_end ] --START--
INFO: Run Behavior\ShowPageTraceBehavior [ RunTime:0.001000s ]
INFO: [ app_end ] --END-- [ RunTime:0.001000s ]

[ 2016-11-28T19:03:54+08:00 ] 127.0.0.1 /myshop/index.php/Home/Detail/checkusers.html
INFO: [ app_begin ] --START--
INFO: Run Behavior\ReadHtmlCacheBehavior [ RunTime:0.001000s ]
INFO: [ app_begin ] --END-- [ RunTime:0.002000s ]
INFO: [ app_end ] --START--
INFO: Run Behavior\ShowPageTraceBehavior [ RunTime:0.001000s ]
INFO: [ app_end ] --END-- [ RunTime:0.001000s ]

[ 2016-11-28T19:03:54+08:00 ] 127.0.0.1 /myshop/index.php/Home/Detail/goshoping.html
INFO: [ app_begin ] --START--
INFO: Run Behavior\ReadHtmlCacheBehavior [ RunTime:0.001000s ]
INFO: [ app_begin ] --END-- [ RunTime:0.001000s ]
ERR: 非法操作:goshoping

[ 2016-11-28T19:03:54+08:00 ] 127.0.0.1 /myshop/index.php/Home/Detail/checkusers.html
INFO: [ app_begin ] --START--
INFO: Run Behavior\ReadHtmlCacheBehavior [ RunTime:0.001001s ]
INFO: [ app_begin ] --END-- [ RunTime:0.001001s ]
INFO: [ app_end ] --START--
INFO: Run Behavior\ShowPageTraceBehavior [ RunTime:0.001000s ]
INFO: [ app_end ] --END-- [ RunTime:0.001000s ]

[ 2016-11-28T19:03:54+08:00 ] 127.0.0.1 /myshop/index.php/Home/Detail/goshoping.html
INFO: [ app_begin ] --START--
INFO: Run Behavior\ReadHtmlCacheBehavior [ RunTime:0.001000s ]
INFO: [ app_begin ] --END-- [ RunTime:0.001000s ]
ERR: 非法操作:goshoping

[ 2016-11-28T19:03:59+08:00 ] 127.0.0.1 /myshop/index.php/Home/Detail/detail/goodsid/index.php?act=jslang
ERR: SQLSTATE[42S22]: Column not found: 1054 Unknown column 'index.php' in 'where clause'

[ 2016-11-28T19:04:05+08:00 ] 127.0.0.1 /myshop/index.php/Home/Detail/checkusers.html
INFO: [ app_begin ] --START--
INFO: Run Behavior\ReadHtmlCacheBehavior [ RunTime:0.001001s ]
INFO: [ app_begin ] --END-- [ RunTime:0.001001s ]
INFO: [ app_end ] --START--
INFO: Run Behavior\ShowPageTraceBehavior [ RunTime:0.001000s ]
INFO: [ app_end ] --END-- [ RunTime:0.001000s ]

[ 2016-11-28T19:04:05+08:00 ] 127.0.0.1 /myshop/index.php/Home/Detail/buy.html
INFO: [ app_begin ] --START--
INFO: Run Behavior\ReadHtmlCacheBehavior [ RunTime:0.000000s ]
INFO: [ app_begin ] --END-- [ RunTime:0.001000s ]
INFO: [ app_end ] --START--
INFO: Run Behavior\ShowPageTraceBehavior [ RunTime:0.000000s ]
INFO: [ app_end ] --END-- [ RunTime:0.000000s ]

[ 2016-11-28T19:07:28+08:00 ] 127.0.0.1 /myshop/index.php/Home/Detail/favorite
INFO: [ app_begin ] --START--
INFO: Run Behavior\ReadHtmlCacheBehavior [ RunTime:0.001000s ]
INFO: [ app_begin ] --END-- [ RunTime:0.001000s ]
SQL: SHOW COLUMNS FROM `ecm_collect` [ RunTime:0.0020s ]
SQL: SELECT COUNT(*) AS tp_count FROM `ecm_collect` WHERE ( user_id=110 ) LIMIT 1   [ RunTime:0.0000s ]
SQL: SELECT COUNT(*) AS tp_count FROM `ecm_collect` WHERE ( item_id=1 and user_id=110 ) LIMIT 1   [ RunTime:0.0000s ]
INFO: [ app_end ] --START--
INFO: Run Behavior\ShowPageTraceBehavior [ RunTime:0.001000s ]
INFO: [ app_end ] --END-- [ RunTime:0.001000s ]

[ 2016-11-28T19:12:40+08:00 ] 127.0.0.1 /myshop/index.php/Home/Detail/detail/goodsid/index.php?act=jslang
ERR: SQLSTATE[42S22]: Column not found: 1054 Unknown column 'index.php' in 'where clause'

[ 2016-11-28T19:12:44+08:00 ] 127.0.0.1 /myshop/index.php/Home/Detail/detail/goodsid/index.php?act=jslang
ERR: SQLSTATE[42S22]: Column not found: 1054 Unknown column 'index.php' in 'where clause'

[ 2016-11-28T19:12:46+08:00 ] 127.0.0.1 /myshop/index.php/Home/Detail/buy.html
INFO: [ app_begin ] --START--
INFO: Run Behavior\ReadHtmlCacheBehavior [ RunTime:0.001000s ]
INFO: [ app_begin ] --END-- [ RunTime:0.001000s ]
INFO: [ app_end ] --START--
INFO: Run Behavior\ShowPageTraceBehavior [ RunTime:0.001000s ]
INFO: [ app_end ] --END-- [ RunTime:0.001000s ]

[ 2016-11-28T19:12:46+08:00 ] 127.0.0.1 /myshop/index.php/Home/Cart/js/mlselection.js
ERR: 非法操作:js

[ 2016-11-28T19:12:46+08:00 ] 127.0.0.1 /myshop/index.php/Home/Cart/index.php?act=jslang
ERR: 非法操作:index.php

[ 2016-11-28T19:12:46+08:00 ] 127.0.0.1 /myshop/index.php/Home/Cart/js/jquery.plugins/jquery.validate.js
ERR: 非法操作:js

[ 2016-11-28T19:12:46+08:00 ] 127.0.0.1 /myshop/index.php/Home/Cart/js/jquery.ui/jquery.ui.js
ERR: 非法操作:js

[ 2016-11-28T19:12:46+08:00 ] 127.0.0.1 /myshop/index.php/Home/Cart/js/dialog/dialog.js
ERR: 非法操作:js

[ 2016-11-28T19:12:46+08:00 ] 127.0.0.1 /myshop/index.php/Home/Cart/js/mlselection.js
ERR: 非法操作:js

[ 2016-11-28T19:12:46+08:00 ] 127.0.0.1 /myshop/index.php/Home/Cart/js/jquery.plugins/jquery.validate.js
ERR: 非法操作:js

[ 2016-11-28T19:12:46+08:00 ] 127.0.0.1 /myshop/index.php/Home/Cart/js/dialog/dialog.js
ERR: 非法操作:js

[ 2016-11-28T19:12:46+08:00 ] 127.0.0.1 /myshop/index.php/Home/Cart/js/jquery.ui/jquery.ui.js
ERR: 非法操作:js

[ 2016-11-28T19:12:58+08:00 ] 127.0.0.1 /myshop/index.php/Home/Cart/index.php?act=jslang
ERR: 非法操作:index.php

[ 2016-11-28T19:12:58+08:00 ] 127.0.0.1 /myshop/index.php/Home/Cart/js/mlselection.js
ERR: 非法操作:js

[ 2016-11-28T19:12:58+08:00 ] 127.0.0.1 /myshop/index.php/Home/Cart/js/dialog/dialog.js
ERR: 非法操作:js

[ 2016-11-28T19:12:58+08:00 ] 127.0.0.1 /myshop/index.php/Home/Cart/js/jquery.plugins/jquery.validate.js
ERR: 非法操作:js

[ 2016-11-28T19:12:58+08:00 ] 127.0.0.1 /myshop/index.php/Home/Cart/js/jquery.ui/jquery.ui.js
ERR: 非法操作:js

[ 2016-11-28T19:12:59+08:00 ] 127.0.0.1 /myshop/index.php/Home/Cart/js/mlselection.js
ERR: 非法操作:js

[ 2016-11-28T19:12:59+08:00 ] 127.0.0.1 /myshop/index.php/Home/Cart/js/jquery.plugins/jquery.validate.js
ERR: 非法操作:js

[ 2016-11-28T19:12:59+08:00 ] 127.0.0.1 /myshop/index.php/Home/Cart/js/dialog/dialog.js
ERR: 非法操作:js

[ 2016-11-28T19:12:59+08:00 ] 127.0.0.1 /myshop/index.php/Home/Cart/js/jquery.ui/jquery.ui.js
ERR: 非法操作:js

[ 2016-11-28T19:13:00+08:00 ] 127.0.0.1 /myshop/index.php/Home/Detail/detail/goodsid/index.php?act=jslang
ERR: SQLSTATE[42S22]: Column not found: 1054 Unknown column 'index.php' in 'where clause'

[ 2016-11-28T19:13:02+08:00 ] 127.0.0.1 /myshop/index.php/Home/Detail/buy.html
INFO: [ app_begin ] --START--
INFO: Run Behavior\ReadHtmlCacheBehavior [ RunTime:0.001000s ]
INFO: [ app_begin ] --END-- [ RunTime:0.001000s ]
INFO: [ app_end ] --START--
INFO: Run Behavior\ShowPageTraceBehavior [ RunTime:0.001000s ]
INFO: [ app_end ] --END-- [ RunTime:0.001000s ]

[ 2016-11-28T19:13:02+08:00 ] 127.0.0.1 /myshop/index.php/Home/Cart/index.php?act=jslang
ERR: 非法操作:index.php

[ 2016-11-28T19:13:02+08:00 ] 127.0.0.1 /myshop/index.php/Home/Cart/js/jquery.plugins/jquery.validate.js
ERR: 非法操作:js

[ 2016-11-28T19:13:02+08:00 ] 127.0.0.1 /myshop/index.php/Home/Cart/js/mlselection.js
ERR: 非法操作:js

[ 2016-11-28T19:13:02+08:00 ] 127.0.0.1 /myshop/index.php/Home/Cart/js/jquery.ui/jquery.ui.js
ERR: 非法操作:js

[ 2016-11-28T19:13:02+08:00 ] 127.0.0.1 /myshop/index.php/Home/Cart/js/dialog/dialog.js
ERR: 非法操作:js

[ 2016-11-28T19:13:02+08:00 ] 127.0.0.1 /myshop/index.php/Home/Cart/js/jquery.plugins/jquery.validate.js
ERR: 非法操作:js

[ 2016-11-28T19:13:02+08:00 ] 127.0.0.1 /myshop/index.php/Home/Cart/js/dialog/dialog.js
ERR: 非法操作:js

[ 2016-11-28T19:13:02+08:00 ] 127.0.0.1 /myshop/index.php/Home/Cart/js/jquery.ui/jquery.ui.js
ERR: 非法操作:js

[ 2016-11-28T19:13:05+08:00 ] 127.0.0.1 /myshop/index.php/Home/Detail/detail/goodsid/index.php?act=jslang
ERR: SQLSTATE[42S22]: Column not found: 1054 Unknown column 'index.php' in 'where clause'

[ 2016-11-28T19:13:14+08:00 ] 127.0.0.1 /myshop/index.php/Home/Detail/detail/goodsid/index.php?act=jslang
ERR: SQLSTATE[42S22]: Column not found: 1054 Unknown column 'index.php' in 'where clause'

[ 2016-11-28T19:13:18+08:00 ] 127.0.0.1 /myshop/index.php/Home/Detail/buy.html
INFO: [ app_begin ] --START--
INFO: Run Behavior\ReadHtmlCacheBehavior [ RunTime:0.000000s ]
INFO: [ app_begin ] --END-- [ RunTime:0.001000s ]
INFO: [ app_end ] --START--
INFO: Run Behavior\ShowPageTraceBehavior [ RunTime:0.000000s ]
INFO: [ app_end ] --END-- [ RunTime:0.000000s ]

[ 2016-11-28T19:14:22+08:00 ] 127.0.0.1 /myshop/index.php/Home/Cart/index.php?act=jslang
ERR: 非法操作:index.php

[ 2016-11-28T19:26:41+08:00 ] 127.0.0.1 /myshop/index.php/Home/Cart/index.php?act=jslang
ERR: 非法操作:index.php

[ 2016-11-28T19:26:41+08:00 ] 127.0.0.1 /myshop/index.php/Home/Cart/js/jquery.plugins/jquery.validate.js
ERR: 非法操作:js

[ 2016-11-28T19:26:41+08:00 ] 127.0.0.1 /myshop/index.php/Home/Cart/js/mlselection.js
ERR: 非法操作:js

[ 2016-11-28T19:26:41+08:00 ] 127.0.0.1 /myshop/index.php/Home/Cart/js/dialog/dialog.js
ERR: 非法操作:js

[ 2016-11-28T19:26:41+08:00 ] 127.0.0.1 /myshop/index.php/Home/Cart/js/jquery.ui/jquery.ui.js
ERR: 非法操作:js

[ 2016-11-28T19:26:41+08:00 ] 127.0.0.1 /myshop/index.php/Home/Cart/js/jquery.plugins/jquery.validate.js
ERR: 非法操作:js

[ 2016-11-28T19:26:41+08:00 ] 127.0.0.1 /myshop/index.php/Home/Cart/js/dialog/dialog.js
ERR: 非法操作:js

[ 2016-11-28T19:26:41+08:00 ] 127.0.0.1 /myshop/index.php/Home/Cart/js/jquery.ui/jquery.ui.js
ERR: 非法操作:js

[ 2016-11-28T19:29:42+08:00 ] 127.0.0.1 /myshop/index.php/Home/Cart/js/mlselection.js
ERR: 非法操作:js

[ 2016-11-28T19:29:42+08:00 ] 127.0.0.1 /myshop/index.php/Home/Cart/js/jquery.plugins/jquery.validate.js
ERR: 非法操作:js

[ 2016-11-28T19:29:42+08:00 ] 127.0.0.1 /myshop/index.php/Home/Cart/index.php?act=jslang
ERR: 非法操作:index.php

[ 2016-11-28T19:29:42+08:00 ] 127.0.0.1 /myshop/index.php/Home/Cart/js/dialog/dialog.js
ERR: 非法操作:js

[ 2016-11-28T19:29:42+08:00 ] 127.0.0.1 /myshop/index.php/Home/Cart/js/jquery.ui/jquery.ui.js
ERR: 非法操作:js

[ 2016-11-28T19:29:43+08:00 ] 127.0.0.1 /myshop/index.php/Home/Cart/js/mlselection.js
ERR: 非法操作:js

[ 2016-11-28T19:29:43+08:00 ] 127.0.0.1 /myshop/index.php/Home/Cart/js/jquery.plugins/jquery.validate.js
ERR: 非法操作:js

[ 2016-11-28T19:29:43+08:00 ] 127.0.0.1 /myshop/index.php/Home/Cart/js/dialog/dialog.js
ERR: 非法操作:js

[ 2016-11-28T19:29:43+08:00 ] 127.0.0.1 /myshop/index.php/Home/Cart/js/jquery.ui/jquery.ui.js
ERR: 非法操作:js

[ 2016-11-28T19:29:54+08:00 ] 127.0.0.1 /myshop/index.php/Home/Detail/detail/goodsid/index.php?act=jslang
ERR: SQLSTATE[42S22]: Column not found: 1054 Unknown column 'index.php' in 'where clause'

[ 2016-11-28T19:29:56+08:00 ] 127.0.0.1 /myshop/index.php/Home/Detail/buy.html
INFO: [ app_begin ] --START--
INFO: Run Behavior\ReadHtmlCacheBehavior [ RunTime:0.001001s ]
INFO: [ app_begin ] --END-- [ RunTime:0.002001s ]
INFO: [ app_end ] --START--
INFO: Run Behavior\ShowPageTraceBehavior [ RunTime:0.001000s ]
INFO: [ app_end ] --END-- [ RunTime:0.001000s ]

[ 2016-11-28T19:29:56+08:00 ] 127.0.0.1 /myshop/index.php/Home/Cart/js/mlselection.js
ERR: 非法操作:js

[ 2016-11-28T19:29:56+08:00 ] 127.0.0.1 /myshop/index.php/Home/Cart/js/jquery.plugins/jquery.validate.js
ERR: 非法操作:js

[ 2016-11-28T19:29:56+08:00 ] 127.0.0.1 /myshop/index.php/Home/Cart/index.php?act=jslang
ERR: 非法操作:index.php

[ 2016-11-28T19:29:56+08:00 ] 127.0.0.1 /myshop/index.php/Home/Cart/js/dialog/dialog.js
ERR: 非法操作:js

[ 2016-11-28T19:29:56+08:00 ] 127.0.0.1 /myshop/index.php/Home/Cart/js/jquery.ui/jquery.ui.js
ERR: 非法操作:js

[ 2016-11-28T19:29:56+08:00 ] 127.0.0.1 /myshop/index.php/Home/Cart/js/mlselection.js
ERR: 非法操作:js

[ 2016-11-28T19:29:56+08:00 ] 127.0.0.1 /myshop/index.php/Home/Cart/js/jquery.plugins/jquery.validate.js
ERR: 非法操作:js

[ 2016-11-28T19:29:56+08:00 ] 127.0.0.1 /myshop/index.php/Home/Cart/js/dialog/dialog.js
ERR: 非法操作:js

[ 2016-11-28T19:29:56+08:00 ] 127.0.0.1 /myshop/index.php/Home/Cart/js/jquery.ui/jquery.ui.js
ERR: 非法操作:js

[ 2016-11-28T19:30:15+08:00 ] 127.0.0.1 /myshop/index.php/Home/Detail/detail/goodsid/index.php?act=jslang
ERR: SQLSTATE[42S22]: Column not found: 1054 Unknown column 'index.php' in 'where clause'

[ 2016-11-28T19:31:44+08:00 ] 127.0.0.1 /myshop/index.php/Home/Detail/buy.html
INFO: [ app_begin ] --START--
INFO: Run Behavior\ReadHtmlCacheBehavior [ RunTime:0.001000s ]
INFO: [ app_begin ] --END-- [ RunTime:0.002000s ]
INFO: [ app_end ] --START--
INFO: Run Behavior\ShowPageTraceBehavior [ RunTime:0.001000s ]
INFO: [ app_end ] --END-- [ RunTime:0.001000s ]

[ 2016-11-28T19:31:44+08:00 ] 127.0.0.1 /myshop/index.php/Home/Cart/index.php?act=jslang
ERR: 非法操作:index.php

[ 2016-11-28T19:31:44+08:00 ] 127.0.0.1 /myshop/index.php/Home/Cart/js/dialog/dialog.js
ERR: 非法操作:js

[ 2016-11-28T19:31:44+08:00 ] 127.0.0.1 /myshop/index.php/Home/Cart/js/mlselection.js
ERR: 非法操作:js

[ 2016-11-28T19:31:44+08:00 ] 127.0.0.1 /myshop/index.php/Home/Cart/js/jquery.plugins/jquery.validate.js
ERR: 非法操作:js

[ 2016-11-28T19:31:44+08:00 ] 127.0.0.1 /myshop/index.php/Home/Cart/js/jquery.ui/jquery.ui.js
ERR: 非法操作:js

[ 2016-11-28T19:31:44+08:00 ] 127.0.0.1 /myshop/index.php/Home/Cart/js/jquery.plugins/jquery.validate.js
ERR: 非法操作:js

[ 2016-11-28T19:31:44+08:00 ] 127.0.0.1 /myshop/index.php/Home/Cart/js/dialog/dialog.js
ERR: 非法操作:js

[ 2016-11-28T19:31:44+08:00 ] 127.0.0.1 /myshop/index.php/Home/Cart/js/jquery.ui/jquery.ui.js
ERR: 非法操作:js

[ 2016-11-28T19:31:53+08:00 ] 127.0.0.1 /myshop/index.php/Home/Detail/detail/goodsid/index.php?act=jslang
ERR: SQLSTATE[42S22]: Column not found: 1054 Unknown column 'index.php' in 'where clause'

[ 2016-11-28T19:32:16+08:00 ] 127.0.0.1 /myshop/index.php/Home/Detail/detail/goodsid/index.php?act=jslang
ERR: SQLSTATE[42S22]: Column not found: 1054 Unknown column 'index.php' in 'where clause'

[ 2016-11-28T19:32:20+08:00 ] 127.0.0.1 /myshop/index.php/Home/Detail/buy.html
INFO: [ app_begin ] --START--
INFO: Run Behavior\ReadHtmlCacheBehavior [ RunTime:0.001000s ]
INFO: [ app_begin ] --END-- [ RunTime:0.002000s ]
INFO: [ app_end ] --START--
INFO: Run Behavior\ShowPageTraceBehavior [ RunTime:0.001000s ]
INFO: [ app_end ] --END-- [ RunTime:0.002000s ]

[ 2016-11-28T19:32:33+08:00 ] 127.0.0.1 /myshop/index.php/Home/Detail/detail/goodsid/index.php?act=jslang
ERR: SQLSTATE[42S22]: Column not found: 1054 Unknown column 'index.php' in 'where clause'

[ 2016-11-28T19:32:33+08:00 ] 127.0.0.1 /myshop/index.php/Home/Detail/detail/goodsid/index.php?act=jslang
ERR: SQLSTATE[42S22]: Column not found: 1054 Unknown column 'index.php' in 'where clause'

[ 2016-11-28T19:32:37+08:00 ] 127.0.0.1 /myshop/index.php/Home/Detail/buy.html
INFO: [ app_begin ] --START--
INFO: Run Behavior\ReadHtmlCacheBehavior [ RunTime:0.001000s ]
INFO: [ app_begin ] --END-- [ RunTime:0.002000s ]
INFO: [ app_end ] --START--
INFO: Run Behavior\ShowPageTraceBehavior [ RunTime:0.001000s ]
INFO: [ app_end ] --END-- [ RunTime:0.001000s ]

[ 2016-11-28T19:33:42+08:00 ] 127.0.0.1 /myshop/index.php/Home/Detail/detail/goodsid/index.php?act=jslang
ERR: SQLSTATE[42S22]: Column not found: 1054 Unknown column 'index.php' in 'where clause'

[ 2016-11-28T19:33:43+08:00 ] 127.0.0.1 /myshop/index.php/Home/Detail/detail/goodsid/index.php?act=jslang
ERR: SQLSTATE[42S22]: Column not found: 1054 Unknown column 'index.php' in 'where clause'

[ 2016-11-28T19:33:45+08:00 ] 127.0.0.1 /myshop/index.php/Home/Detail/buy.html
INFO: [ app_begin ] --START--
INFO: Run Behavior\ReadHtmlCacheBehavior [ RunTime:0.000000s ]
INFO: [ app_begin ] --END-- [ RunTime:0.001000s ]
INFO: [ app_end ] --START--
INFO: Run Behavior\ShowPageTraceBehavior [ RunTime:0.002000s ]
INFO: [ app_end ] --END-- [ RunTime:0.002000s ]

[ 2016-11-28T19:35:16+08:00 ] 127.0.0.1 /myshop/index.php/Home/Detail/detail/goodsid/index.php?act=jslang
ERR: SQLSTATE[42S22]: Column not found: 1054 Unknown column 'index.php' in 'where clause'

[ 2016-11-28T19:35:17+08:00 ] 127.0.0.1 /myshop/index.php/Home/Detail/detail/goodsid/index.php?act=jslang
ERR: SQLSTATE[42S22]: Column not found: 1054 Unknown column 'index.php' in 'where clause'

[ 2016-11-28T19:35:19+08:00 ] 127.0.0.1 /myshop/index.php/Home/Detail/buy.html
INFO: [ app_begin ] --START--
INFO: Run Behavior\ReadHtmlCacheBehavior [ RunTime:0.001000s ]
INFO: [ app_begin ] --END-- [ RunTime:0.001000s ]
INFO: [ app_end ] --START--
INFO: Run Behavior\ShowPageTraceBehavior [ RunTime:0.001000s ]
INFO: [ app_end ] --END-- [ RunTime:0.001000s ]

[ 2016-11-28T19:35:34+08:00 ] 127.0.0.1 /myshop/index.php/Home/Detail/detail/goodsid/index.php?act=jslang
ERR: SQLSTATE[42S22]: Column not found: 1054 Unknown column 'index.php' in 'where clause'

[ 2016-11-28T19:35:34+08:00 ] 127.0.0.1 /myshop/index.php/Home/Detail/detail/goodsid/index.php?act=jslang
ERR: SQLSTATE[42S22]: Column not found: 1054 Unknown column 'index.php' in 'where clause'

[ 2016-11-28T19:35:36+08:00 ] 127.0.0.1 /myshop/index.php/Home/Detail/buy.html
INFO: [ app_begin ] --START--
INFO: Run Behavior\ReadHtmlCacheBehavior [ RunTime:0.000000s ]
INFO: [ app_begin ] --END-- [ RunTime:0.001000s ]
INFO: [ app_end ] --START--
INFO: Run Behavior\ShowPageTraceBehavior [ RunTime:0.000000s ]
INFO: [ app_end ] --END-- [ RunTime:0.000000s ]

[ 2016-11-28T19:38:28+08:00 ] 127.0.0.1 /myshop/index.php/Home/Detail/detail/goodsid/index.php?act=jslang
ERR: SQLSTATE[42S22]: Column not found: 1054 Unknown column 'index.php' in 'where clause'

[ 2016-11-28T19:38:34+08:00 ] 127.0.0.1 /myshop/index.php/Home/Detail/buy.html
INFO: [ app_begin ] --START--
INFO: Run Behavior\ReadHtmlCacheBehavior [ RunTime:0.001000s ]
INFO: [ app_begin ] --END-- [ RunTime:0.001000s ]
INFO: [ app_end ] --START--
INFO: Run Behavior\ShowPageTraceBehavior [ RunTime:0.001001s ]
INFO: [ app_end ] --END-- [ RunTime:0.001001s ]

[ 2016-11-28T19:41:47+08:00 ] 127.0.0.1 /myshop/index.php/Home/Detail/detail/goodsid/index.php?act=jslang
ERR: SQLSTATE[42S22]: Column not found: 1054 Unknown column 'index.php' in 'where clause'

[ 2016-11-28T19:50:49+08:00 ] 127.0.0.1 /myshop/index.php/Home/Detail/detail/goodsid/index.php?act=jslang
ERR: SQLSTATE[42S22]: Column not found: 1054 Unknown column 'index.php' in 'where clause'

[ 2016-11-28T19:50:51+08:00 ] 127.0.0.1 /myshop/index.php/Home/Detail/buy.html
INFO: [ app_begin ] --START--
INFO: Run Behavior\ReadHtmlCacheBehavior [ RunTime:0.001000s ]
INFO: [ app_begin ] --END-- [ RunTime:0.001000s ]
INFO: [ app_end ] --START--
INFO: Run Behavior\ShowPageTraceBehavior [ RunTime:0.001000s ]
INFO: [ app_end ] --END-- [ RunTime:0.001000s ]

[ 2016-11-28T19:50:55+08:00 ] 127.0.0.1 /myshop/index.php/Home/Detail/detail/goodsid/index.php?act=jslang
ERR: SQLSTATE[42S22]: Column not found: 1054 Unknown column 'index.php' in 'where clause'

[ 2016-11-28T19:51:12+08:00 ] 127.0.0.1 /myshop/index.php/Home/Detail/detail/goodsid/index.php?act=jslang
ERR: SQLSTATE[42S22]: Column not found: 1054 Unknown column 'index.php' in 'where clause'

[ 2016-11-28T19:51:16+08:00 ] 127.0.0.1 /myshop/index.php/Home/Detail/buy.html
INFO: [ app_begin ] --START--
INFO: Run Behavior\ReadHtmlCacheBehavior [ RunTime:0.002000s ]
INFO: [ app_begin ] --END-- [ RunTime:0.002000s ]
INFO: [ app_end ] --START--
INFO: Run Behavior\ShowPageTraceBehavior [ RunTime:0.001000s ]
INFO: [ app_end ] --END-- [ RunTime:0.001000s ]

[ 2016-11-28T19:52:49+08:00 ] 127.0.0.1 /myshop/index.php/Home/Detail/detail/goodsid/index.php?act=jslang
ERR: SQLSTATE[42S22]: Column not found: 1054 Unknown column 'index.php' in 'where clause'

[ 2016-11-28T19:53:44+08:00 ] 127.0.0.1 /myshop/index.php/Home/Detail/detail/goodsid/index.php?act=jslang
ERR: SQLSTATE[42S22]: Column not found: 1054 Unknown column 'index.php' in 'where clause'

[ 2016-11-28T19:53:54+08:00 ] 127.0.0.1 /myshop/index.php/Home/Detail/buy.html
INFO: [ app_begin ] --START--
INFO: Run Behavior\ReadHtmlCacheBehavior [ RunTime:0.001000s ]
INFO: [ app_begin ] --END-- [ RunTime:0.001000s ]
INFO: [ app_end ] --START--
INFO: Run Behavior\ShowPageTraceBehavior [ RunTime:0.000000s ]
INFO: [ app_end ] --END-- [ RunTime:0.000000s ]

[ 2016-11-28T19:54:28+08:00 ] 127.0.0.1 /myshop/index.php/Home/Detail/detail/goodsid/index.php?act=jslang
ERR: SQLSTATE[42S22]: Column not found: 1054 Unknown column 'index.php' in 'where clause'

[ 2016-11-28T19:55:13+08:00 ] 127.0.0.1 /myshop/index.php/Home/Detail/detail/goodsid/index.php?act=jslang
ERR: SQLSTATE[42S22]: Column not found: 1054 Unknown column 'index.php' in 'where clause'

[ 2016-11-28T19:58:03+08:00 ] 127.0.0.1 /myshop/index.php/Home/Detail/detail/goodsid/index.php?act=jslang
ERR: SQLSTATE[42S22]: Column not found: 1054 Unknown column 'index.php' in 'where clause'

[ 2016-11-28T20:05:49+08:00 ] 127.0.0.1 /myshop/index.php/Home/Detail/detail/goodsid/index.php?act=jslang
ERR: SQLSTATE[42S22]: Column not found: 1054 Unknown column 'index.php' in 'where clause'

[ 2016-11-28T20:05:49+08:00 ] 127.0.0.1 /myshop/index.php/Home/Detail/detail/goodsid/index.php?act=jslang
ERR: SQLSTATE[42S22]: Column not found: 1054 Unknown column 'index.php' in 'where clause'

[ 2016-11-28T20:05:50+08:00 ] 127.0.0.1 /myshop/index.php/Home/Detail/detail/goodsid/index.php?act=jslang
ERR: SQLSTATE[42S22]: Column not found: 1054 Unknown column 'index.php' in 'where clause'

[ 2016-11-28T20:05:51+08:00 ] 127.0.0.1 /myshop/index.php/Home/Detail/buy.html
INFO: [ app_begin ] --START--
INFO: Run Behavior\ReadHtmlCacheBehavior [ RunTime:0.001000s ]
INFO: [ app_begin ] --END-- [ RunTime:0.001000s ]
INFO: [ app_end ] --START--
INFO: Run Behavior\ShowPageTraceBehavior [ RunTime:0.000000s ]
INFO: [ app_end ] --END-- [ RunTime:0.001000s ]

[ 2016-11-28T20:06:08+08:00 ] 127.0.0.1 /myshop/index.php/Home/Detail/detail/goodsid/index.php?act=jslang
ERR: SQLSTATE[42S22]: Column not found: 1054 Unknown column 'index.php' in 'where clause'

[ 2016-11-28T20:06:12+08:00 ] 127.0.0.1 /myshop/index.php/Home/Detail/detail/goodsid/index.php?act=jslang
ERR: SQLSTATE[42S22]: Column not found: 1054 Unknown column 'index.php' in 'where clause'

[ 2016-11-28T20:06:12+08:00 ] 127.0.0.1 /myshop/index.php/Home/Detail/detail/goodsid/index.php?act=jslang
ERR: SQLSTATE[42S22]: Column not found: 1054 Unknown column 'index.php' in 'where clause'

[ 2016-11-28T20:06:12+08:00 ] 127.0.0.1 /myshop/index.php/Home/Detail/detail/goodsid/index.php?act=jslang
ERR: SQLSTATE[42S22]: Column not found: 1054 Unknown column 'index.php' in 'where clause'

[ 2016-11-28T20:06:13+08:00 ] 127.0.0.1 /myshop/index.php/Home/Detail/detail/goodsid/index.php?act=jslang
ERR: SQLSTATE[42S22]: Column not found: 1054 Unknown column 'index.php' in 'where clause'

[ 2016-11-28T20:06:16+08:00 ] 127.0.0.1 /myshop/index.php/Home/Detail/buy.html
INFO: [ app_begin ] --START--
INFO: Run Behavior\ReadHtmlCacheBehavior [ RunTime:0.001000s ]
INFO: [ app_begin ] --END-- [ RunTime:0.001000s ]
INFO: [ app_end ] --START--
INFO: Run Behavior\ShowPageTraceBehavior [ RunTime:0.001000s ]
INFO: [ app_end ] --END-- [ RunTime:0.001000s ]

