[ 2017-07-17T11:46:47+08:00 ] ::1 /myshop/
ERR: SQLSTATE[HY000] [1045] Access denied for user 'root'@'localhost' (using password: NO)

[ 2017-07-17T11:51:02+08:00 ] ::1 /myshop/
ERR: SQLSTATE[HY000] [1049] Unknown database 'lamp167'

[ 2017-07-17T11:51:03+08:00 ] ::1 /myshop/
ERR: SQLSTATE[HY000] [1049] Unknown database 'lamp167'

[ 2017-07-17T11:52:27+08:00 ] ::1 /myshop/index.php/Home/Detail/detail/goodsid/index.php?act=jslang
ERR: SQLSTATE[42S22]: Column not found: 1054 Unknown column 'index.php' in 'where clause'

[ 2017-07-17T11:52:35+08:00 ] ::1 /myshop/index.php/Home/Detail/processaddcart.html
INFO: [ app_begin ] --START--
INFO: Run Behavior\ReadHtmlCacheBehavior [ RunTime:0.001000s ]
INFO: [ app_begin ] --END-- [ RunTime:0.002000s ]
SQL: SHOW COLUMNS FROM `ecm_cart` [ RunTime:0.0030s ]
SQL: SELECT COUNT(*) AS tp_count FROM `ecm_cart` WHERE `session_id` = 'k919t8tfivcmdg8gpa3mgvb626' AND `goods_id` = 51 LIMIT 1   [ RunTime:0.0010s ]
SQL: SHOW COLUMNS FROM `ecm_goods` [ RunTime:0.0030s ]
SQL: SELECT * FROM `ecm_goods` WHERE `goods_id` = 51 LIMIT 1   [ RunTime:0.0010s ]
SQL: INSERT INTO `ecm_cart` (`session_id`,`goods_id`,`goods_name`,`goods_image`,`price`) VALUES ('k919t8tfivcmdg8gpa3mgvb626','51','飞利浦新安怡标准口径奶嘴','data/files/store_2/goods_173/small_201312262206139520.jpg','14.00') [ RunTime:0.0000s ]
INFO: [ app_end ] --START--
INFO: Run Behavior\ShowPageTraceBehavior [ RunTime:0.000000s ]
INFO: [ app_end ] --END-- [ RunTime:0.000000s ]

[ 2017-07-17T11:52:40+08:00 ] ::1 /myshop/index.php/Home/Cart/index.php?act=jslang
ERR: 非法操作:index.php

[ 2017-07-17T11:52:46+08:00 ] ::1 /myshop/index.php/Home/Cart/index.php?app=cart&act=update&spec_id=22&quantity=2
INFO: [ app_begin ] --START--
INFO: Run Behavior\ReadHtmlCacheBehavior [ RunTime:0.000000s ]
INFO: [ app_begin ] --END-- [ RunTime:0.002000s ]
ERR: 非法操作:index.php

[ 2017-07-17T11:52:46+08:00 ] ::1 /myshop/index.php/Home/Cart/index.php?app=cart&act=update&spec_id=22&quantity=1
INFO: [ app_begin ] --START--
INFO: Run Behavior\ReadHtmlCacheBehavior [ RunTime:0.001000s ]
INFO: [ app_begin ] --END-- [ RunTime:0.002001s ]
ERR: 非法操作:index.php

[ 2017-07-17T12:00:28+08:00 ] ::1 /myshop/index.php/Home/Detail/detail/goodsid/index.php?act=jslang
ERR: SQLSTATE[42S22]: Column not found: 1054 Unknown column 'index.php' in 'where clause'

[ 2017-07-17T12:00:51+08:00 ] ::1 /myshop/index.php/Home/MemLogin/index.php?act=jslang
ERR: 非法操作:index.php

[ 2017-07-17T12:00:56+08:00 ] ::1 /myshop/index.php/Home/MemRegister/index.php?act=jslang
ERR: 非法操作:index.php

[ 2017-07-17T12:06:17+08:00 ] ::1 /myshop/index.php/Home/MemRegister/index.php?act=jslang
ERR: 非法操作:index.php

[ 2017-07-17T12:06:47+08:00 ] ::1 /myshop/index.php/Home/MemRegister/index.php?act=jslang
ERR: 非法操作:index.php

[ 2017-07-17T12:06:51+08:00 ] ::1 /myshop/index.php/Home/MemRegister/index.php?act=jslang
ERR: 非法操作:index.php

[ 2017-07-17T12:07:10+08:00 ] ::1 /myshop/index.php/Home/MemLogin/index.php?act=jslang
ERR: 非法操作:index.php

[ 2017-07-17T12:07:21+08:00 ] ::1 /myshop/index.php/Home/MemAccount/index.php?act=jslang
ERR: 非法操作:index.php

[ 2017-07-17T12:07:37+08:00 ] ::1 /myshop/index.php/Home/MemLogin/index.php?act=jslang
ERR: 非法操作:index.php

[ 2017-07-17T12:07:54+08:00 ] ::1 /myshop/index.php/Home/Detail/detail/goodsid/index.php?act=jslang
ERR: SQLSTATE[42S22]: Column not found: 1054 Unknown column 'index.php' in 'where clause'

[ 2017-07-17T12:07:56+08:00 ] ::1 /myshop/index.php/Home/Detail/buy.html
INFO: [ app_begin ] --START--
INFO: Run Behavior\ReadHtmlCacheBehavior [ RunTime:0.001000s ]
INFO: [ app_begin ] --END-- [ RunTime:0.002000s ]
INFO: [ app_end ] --START--
INFO: Run Behavior\ShowPageTraceBehavior [ RunTime:0.001000s ]
INFO: [ app_end ] --END-- [ RunTime:0.001000s ]

[ 2017-07-17T12:07:57+08:00 ] ::1 /myshop/index.php/Home/Login/login.html
ERR: 无法加载控制器:Login

[ 2017-07-17T12:08:11+08:00 ] ::1 /myshop/index.php/Home/Detail/detail/goodsid/index.php?act=jslang
ERR: SQLSTATE[42S22]: Column not found: 1054 Unknown column 'index.php' in 'where clause'

[ 2017-07-17T14:51:12+08:00 ] ::1 /myshop/index.php/Home/Detail/favorite
INFO: [ app_begin ] --START--
INFO: Run Behavior\ReadHtmlCacheBehavior [ RunTime:0.001001s ]
INFO: [ app_begin ] --END-- [ RunTime:0.001001s ]
SQL: SHOW COLUMNS FROM `ecm_collect` [ RunTime:0.0040s ]
ERR: SQLSTATE[42000]: Syntax error or access violation: 1064 You have an error in your SQL syntax; check the manual that corresponds to your MariaDB server version for the right syntax to use near ') LIMIT 1' at line 1

[ 2017-07-17T14:51:15+08:00 ] ::1 /myshop/index.php/Home/MemLogin/index.php?act=jslang
ERR: 非法操作:index.php

